{"level":"error","message":{},"timestamp":"2022-05-07T17:05:10.977Z"}
{"level":"error","message":{},"timestamp":"2022-05-07T17:05:15.557Z"}
{"level":"error","message":{},"timestamp":"2022-05-07T17:06:29.515Z"}
{"level":"error","message":{},"timestamp":"2022-05-07T17:06:47.380Z"}
{"level":"error","message":{},"timestamp":"2022-05-07T17:07:01.179Z"}
{"level":"error","message":{},"timestamp":"2022-05-07T17:07:22.376Z"}
{"level":"error","message":{},"timestamp":"2022-05-07T17:07:36.319Z"}
{"level":"error","message":{},"timestamp":"2022-05-07T17:07:51.261Z"}
{"level":"error","message":{},"timestamp":"2022-05-07T17:08:13.957Z"}
{"level":"error","message":{},"timestamp":"2022-05-07T17:08:24.070Z"}
{"level":"error","message":{},"timestamp":"2022-05-07T17:08:31.045Z"}
{"level":"error","message":{},"timestamp":"2022-05-07T17:08:39.271Z"}
{"level":"error","message":{},"timestamp":"2022-05-07T17:08:48.360Z"}
{"level":"error","message":{},"timestamp":"2022-05-07T17:09:00.334Z"}
{"level":"error","message":{},"timestamp":"2022-05-07T17:09:09.671Z"}
{"level":"error","message":{},"timestamp":"2022-05-07T17:09:35.109Z"}
{"level":"error","message":{},"timestamp":"2022-05-07T17:10:10.079Z"}
{"level":"error","message":{},"timestamp":"2022-05-07T17:10:17.913Z"}
{"level":"error","message":{},"timestamp":"2022-05-07T17:10:25.234Z"}
{"level":"error","message":{},"timestamp":"2022-05-07T17:10:31.043Z"}
{"level":"error","message":{},"timestamp":"2022-05-07T17:10:36.915Z"}
{"level":"error","message":{},"timestamp":"2022-05-07T17:10:51.242Z"}
{"level":"error","message":{},"timestamp":"2022-05-07T17:10:58.957Z"}
{"level":"error","message":{},"timestamp":"2022-05-07T17:11:45.265Z"}
{"level":"error","message":{},"timestamp":"2022-05-07T17:12:07.289Z"}
{"level":"error","message":{},"timestamp":"2022-05-07T17:12:21.670Z"}
{"level":"error","message":{},"timestamp":"2022-05-07T17:12:31.267Z"}
{"level":"error","message":{},"timestamp":"2022-05-07T17:12:43.922Z"}
{"level":"error","message":{},"timestamp":"2022-05-07T17:12:53.306Z"}
{"level":"error","message":{},"timestamp":"2022-05-07T17:13:01.241Z"}
{"level":"error","message":{},"timestamp":"2022-05-07T17:13:14.984Z"}
{"level":"error","message":{},"timestamp":"2022-05-07T17:14:18.248Z"}
{"level":"error","message":{},"timestamp":"2022-05-07T17:14:56.683Z"}
{"level":"error","message":{},"timestamp":"2022-05-07T17:15:13.092Z"}
{"level":"error","message":{},"timestamp":"2022-05-07T17:15:32.519Z"}
{"level":"error","message":{},"timestamp":"2022-05-07T17:18:48.063Z"}
{"level":"error","timestamp":"2022-05-07T17:21:37.008Z"}
{"level":"error","timestamp":"2022-05-07T17:23:17.566Z"}
{"level":"error","message":{},"timestamp":"2022-05-07T17:29:03.031Z"}
{"level":"error","message":{},"timestamp":"2022-05-07T17:36:25.185Z"}
{"level":"error","message":{},"timestamp":"2022-05-07T17:36:37.196Z"}
{"level":"error","message":{},"timestamp":"2022-05-07T17:37:04.165Z"}
{"level":"error","timestamp":"2022-05-07T17:37:26.029Z"}
{"level":"error","timestamp":"2022-05-07T17:37:56.837Z"}
{"level":"error","timestamp":"2022-05-07T17:38:16.417Z"}
{"level":"error","timestamp":"2022-05-07T17:40:14.015Z"}
{"level":"error","timestamp":"2022-05-07T17:40:18.867Z"}
{"level":"error","message":{},"timestamp":"2022-05-07T17:40:57.102Z"}
{"level":"error","timestamp":"2022-05-07T17:41:03.378Z"}
{"level":"error","message":{},"timestamp":"2022-05-07T17:41:55.672Z"}
{"level":"error","timestamp":"2022-05-07T17:41:59.188Z"}
{"level":"error","message":{},"timestamp":"2022-05-07T17:42:43.872Z"}
{"level":"error","message":{},"timestamp":"2022-05-07T17:42:51.313Z"}
{"level":"error","message":{},"timestamp":"2022-05-09T04:45:37.659Z"}
{"level":"error","message":{},"timestamp":"2022-05-09T06:06:26.908Z"}
{"level":"error","message":{},"timestamp":"2022-05-09T06:10:24.325Z"}
{"level":"error","message":{},"timestamp":"2022-05-09T06:12:02.712Z"}
{"level":"error","message":{},"timestamp":"2022-05-09T06:13:41.111Z"}
{"level":"error","message":{},"timestamp":"2022-05-09T06:18:39.215Z"}
{"level":"error","message":{},"timestamp":"2022-05-09T06:18:44.497Z"}
{"level":"error","message":{},"timestamp":"2022-05-09T06:33:48.831Z"}
{"level":"error","message":{},"timestamp":"2022-05-09T06:35:37.666Z"}
{"level":"error","message":{},"timestamp":"2022-05-09T06:38:19.523Z"}
{"level":"error","message":{},"timestamp":"2022-05-09T06:48:02.136Z"}
{"level":"error","message":{},"timestamp":"2022-05-09T06:49:15.199Z"}
{"level":"error","message":{},"timestamp":"2022-05-09T06:49:39.258Z"}
{"level":"error","message":{},"timestamp":"2022-05-09T06:50:19.253Z"}
{"level":"error","message":{},"timestamp":"2022-05-09T06:51:24.801Z"}
{"level":"error","message":{},"timestamp":"2022-05-09T06:51:37.432Z"}
{"level":"error","message":{},"timestamp":"2022-05-09T06:51:49.953Z"}
{"level":"error","message":{},"timestamp":"2022-05-09T06:52:12.206Z"}
{"level":"error","message":{},"timestamp":"2022-05-09T06:52:57.838Z"}
{"level":"error","message":{},"timestamp":"2022-05-09T06:53:14.140Z"}
{"level":"error","message":{},"timestamp":"2022-05-09T06:54:51.263Z"}
{"level":"error","message":{},"timestamp":"2022-05-09T06:55:38.280Z"}
{"level":"error","message":{},"timestamp":"2022-05-09T06:55:47.813Z"}
{"level":"error","message":{},"timestamp":"2022-05-09T06:56:14.061Z"}
{"level":"error","message":{},"timestamp":"2022-05-09T06:56:26.796Z"}
{"level":"error","message":{},"timestamp":"2022-05-09T06:56:48.310Z"}
{"level":"error","message":{},"timestamp":"2022-05-09T06:57:31.741Z"}
{"level":"error","message":{},"timestamp":"2022-05-09T06:58:33.628Z"}
{"level":"error","message":{},"timestamp":"2022-05-09T06:58:42.462Z"}
{"level":"error","message":{},"timestamp":"2022-05-09T06:58:49.870Z"}
{"level":"error","message":{},"timestamp":"2022-05-09T06:59:20.033Z"}
{"level":"error","message":{},"timestamp":"2022-05-09T07:00:14.815Z"}
{"level":"error","message":{},"timestamp":"2022-05-09T07:00:27.222Z"}
{"level":"error","message":{},"timestamp":"2022-05-09T07:01:04.816Z"}
{"level":"error","message":{},"timestamp":"2022-05-09T07:01:20.374Z"}
{"level":"error","message":{},"timestamp":"2022-05-09T07:02:33.061Z"}
{"level":"error","message":{},"timestamp":"2022-05-09T07:03:27.589Z"}
{"level":"error","message":{},"timestamp":"2022-05-09T07:05:14.306Z"}
{"level":"error","message":{},"timestamp":"2022-05-09T07:05:53.694Z"}
{"level":"error","message":{},"timestamp":"2022-05-09T07:07:13.328Z"}
{"level":"error","message":{},"timestamp":"2022-05-09T07:07:31.366Z"}
{"level":"error","message":{},"timestamp":"2022-05-09T07:08:14.495Z"}
{"level":"error","message":{},"timestamp":"2022-05-09T07:09:28.313Z"}
{"level":"error","message":{},"timestamp":"2022-05-09T07:10:03.753Z"}
{"level":"error","message":{},"timestamp":"2022-05-09T07:13:18.242Z"}
{"level":"error","message":{},"timestamp":"2022-05-09T07:13:39.614Z"}
{"level":"error","message":{},"timestamp":"2022-05-09T07:14:05.340Z"}
{"level":"error","message":{},"timestamp":"2022-05-09T07:19:15.794Z"}
{"level":"error","message":{},"timestamp":"2022-05-09T07:19:27.108Z"}
{"level":"error","message":{},"timestamp":"2022-05-09T07:20:48.258Z"}
{"level":"error","message":{},"timestamp":"2022-05-09T07:22:02.944Z"}
{"level":"error","message":{},"timestamp":"2022-05-09T07:23:40.352Z"}
{"level":"error","message":{},"timestamp":"2022-05-09T07:25:05.697Z"}
{"level":"error","message":{},"timestamp":"2022-05-09T07:25:29.987Z"}
{"level":"error","message":{},"timestamp":"2022-05-09T07:25:42.909Z"}
{"level":"error","message":{},"timestamp":"2022-05-09T07:27:33.891Z"}
{"level":"error","message":{},"timestamp":"2022-05-09T07:27:49.678Z"}
{"level":"error","message":{},"timestamp":"2022-05-09T07:31:17.460Z"}
{"level":"error","message":{},"timestamp":"2022-05-09T07:34:28.502Z"}
{"level":"error","message":{},"timestamp":"2022-05-09T07:41:09.798Z"}
{"level":"error","message":{},"timestamp":"2022-05-09T07:42:15.586Z"}
{"level":"error","timestamp":"2022-05-09T07:43:39.675Z"}
{"level":"error","message":{},"timestamp":"2022-05-09T07:44:21.841Z"}
{"level":"error","message":{},"timestamp":"2022-05-09T08:21:25.971Z"}
{"level":"error","message":{},"timestamp":"2022-05-09T08:22:20.810Z"}
{"level":"error","message":{},"timestamp":"2022-05-09T08:24:59.538Z"}
{"level":"error","message":{},"timestamp":"2022-05-09T08:27:03.418Z"}
{"level":"error","message":{},"timestamp":"2022-05-09T08:28:03.473Z"}
{"level":"error","message":{},"timestamp":"2022-05-09T08:28:25.365Z"}
{"level":"error","message":{},"timestamp":"2022-05-09T08:29:08.922Z"}
{"level":"error","message":{},"timestamp":"2022-05-09T08:29:24.838Z"}
{"level":"error","message":{},"timestamp":"2022-05-09T08:29:39.363Z"}
{"level":"error","message":{},"timestamp":"2022-05-09T08:29:57.308Z"}
{"level":"error","message":{},"timestamp":"2022-05-09T08:33:10.919Z"}
{"kind":"ObjectId","level":"error","path":"_id","reason":{},"stringValue":"\"6278b753b5e7268ac0b179dfs\"","timestamp":"2022-05-09T08:35:02.594Z","value":"6278b753b5e7268ac0b179dfs","valueType":"string"}
{"level":"error","message":{},"timestamp":"2022-05-09T08:39:51.026Z"}
{"level":"error","message":{},"timestamp":"2022-05-09T08:40:03.974Z"}
{"level":"error","message":{},"timestamp":"2022-05-09T08:41:22.762Z"}
{"level":"error","message":{},"timestamp":"2022-05-09T08:47:16.188Z"}
{"level":"error","message":{},"timestamp":"2022-05-09T08:48:04.365Z"}
{"level":"error","message":{},"timestamp":"2022-05-09T08:49:09.983Z"}
{"level":"error","message":{},"timestamp":"2022-05-09T08:50:26.538Z"}
{"level":"error","message":{},"timestamp":"2022-05-09T08:51:54.302Z"}
{"level":"error","message":{},"timestamp":"2022-05-09T08:52:16.877Z"}
{"level":"error","message":{},"timestamp":"2022-05-09T08:52:46.071Z"}
{"level":"error","message":{},"timestamp":"2022-05-09T08:53:16.364Z"}
{"level":"error","message":{},"timestamp":"2022-05-09T08:53:45.804Z"}
{"level":"error","message":{},"timestamp":"2022-05-09T08:54:05.184Z"}
{"level":"error","message":{},"timestamp":"2022-05-09T08:54:30.439Z"}
{"level":"error","message":{},"timestamp":"2022-05-09T08:55:37.297Z"}
{"level":"error","message":{},"timestamp":"2022-05-09T08:56:30.071Z"}
{"level":"error","message":{},"timestamp":"2022-05-09T08:56:53.792Z"}
{"level":"error","message":{},"timestamp":"2022-05-09T08:58:09.295Z"}
{"level":"error","message":{},"timestamp":"2022-05-09T08:58:33.029Z"}
{"level":"error","message":{},"timestamp":"2022-05-09T08:59:03.908Z"}
{"level":"error","message":{},"timestamp":"2022-05-09T09:02:25.729Z"}
{"level":"error","message":{},"timestamp":"2022-05-09T09:03:44.185Z"}
{"level":"error","message":{},"timestamp":"2022-05-09T09:04:17.384Z"}
{"level":"error","message":{},"timestamp":"2022-05-09T09:04:31.080Z"}
{"level":"error","message":{},"timestamp":"2022-05-09T09:04:40.516Z"}
{"level":"error","message":{},"timestamp":"2022-05-09T09:05:07.531Z"}
{"level":"error","message":{},"timestamp":"2022-05-09T09:05:55.464Z"}
{"level":"error","timestamp":"2022-05-09T09:06:39.091Z"}
{"level":"error","message":{},"timestamp":"2022-05-09T09:07:14.740Z"}
{"level":"error","timestamp":"2022-05-09T09:07:17.860Z"}
{"level":"error","message":{},"timestamp":"2022-05-09T09:08:07.528Z"}
{"level":"error","message":{},"timestamp":"2022-05-09T09:20:43.297Z"}
{"level":"error","message":{},"timestamp":"2022-05-09T09:20:49.008Z"}
{"level":"error","message":{},"timestamp":"2022-05-09T09:20:57.311Z"}
{"level":"error","message":{},"timestamp":"2022-05-09T09:21:17.362Z"}
{"level":"error","message":{},"timestamp":"2022-05-09T09:21:31.759Z"}
{"level":"error","message":{},"timestamp":"2022-05-09T09:21:42.970Z"}
{"level":"error","message":{},"timestamp":"2022-05-09T09:21:54.369Z"}
{"level":"error","timestamp":"2022-05-09T09:22:01.726Z"}
{"level":"error","message":{},"timestamp":"2022-05-09T09:22:42.832Z"}
{"level":"error","message":{},"timestamp":"2022-05-09T09:23:00.764Z"}
{"level":"error","message":{},"timestamp":"2022-05-09T09:23:42.433Z"}
{"level":"error","message":{},"timestamp":"2022-05-09T09:24:19.065Z"}
{"level":"error","message":{},"timestamp":"2022-05-09T09:24:32.916Z"}
{"level":"error","message":{},"timestamp":"2022-05-09T09:25:06.660Z"}
{"level":"error","message":{},"timestamp":"2022-05-09T09:27:19.604Z"}
{"level":"error","message":{},"timestamp":"2022-05-09T09:42:21.258Z"}
{"level":"error","message":{},"timestamp":"2022-05-09T09:42:32.620Z"}
{"level":"error","message":{},"timestamp":"2022-05-09T09:44:25.230Z"}
{"level":"error","message":{},"timestamp":"2022-05-09T09:45:50.375Z"}
{"level":"error","message":{},"timestamp":"2022-05-09T09:46:04.470Z"}
{"level":"error","message":{},"timestamp":"2022-05-09T09:46:09.204Z"}
{"level":"error","message":{},"timestamp":"2022-05-09T09:46:52.281Z"}
{"level":"error","message":{},"timestamp":"2022-05-09T09:49:13.929Z"}
{"level":"error","message":{},"timestamp":"2022-05-09T09:49:28.826Z"}
{"level":"error","message":{},"timestamp":"2022-05-09T10:02:24.177Z"}
{"level":"error","message":{},"timestamp":"2022-05-09T10:02:39.430Z"}
{"level":"error","message":{},"timestamp":"2022-05-09T10:02:54.150Z"}
{"level":"error","message":{},"timestamp":"2022-05-09T10:03:03.949Z"}
{"level":"error","message":{},"timestamp":"2022-05-09T10:03:14.476Z"}
{"level":"error","message":{},"timestamp":"2022-05-09T10:03:23.676Z"}
{"level":"error","message":{},"timestamp":"2022-05-09T10:03:34.143Z"}
{"level":"error","message":{},"timestamp":"2022-05-09T10:04:13.054Z"}
{"level":"error","message":{},"timestamp":"2022-05-09T10:05:46.150Z"}
{"level":"error","message":{},"timestamp":"2022-05-09T10:06:27.844Z"}
{"level":"error","message":{},"timestamp":"2022-05-09T10:08:18.048Z"}
{"level":"error","message":{},"timestamp":"2022-05-09T10:08:32.442Z"}
{"level":"error","message":{},"timestamp":"2022-05-09T10:09:39.677Z"}
{"level":"error","message":{},"timestamp":"2022-05-09T10:10:35.750Z"}
{"level":"error","message":{},"timestamp":"2022-05-09T10:10:52.634Z"}
{"level":"error","message":{},"timestamp":"2022-05-09T10:21:40.062Z"}
{"level":"error","message":{},"timestamp":"2022-05-09T10:22:24.455Z"}
{"level":"error","message":{},"timestamp":"2022-05-09T10:24:15.282Z"}
{"level":"error","message":{},"timestamp":"2022-05-09T10:24:39.569Z"}
{"level":"error","message":{},"timestamp":"2022-05-09T10:25:57.882Z"}
{"level":"error","message":{},"timestamp":"2022-05-09T10:29:02.159Z"}
{"level":"error","message":{},"timestamp":"2022-05-09T10:31:54.367Z"}
{"level":"error","message":{},"timestamp":"2022-05-09T10:33:33.101Z"}
{"level":"error","message":{},"timestamp":"2022-05-09T10:33:39.149Z"}
{"level":"error","message":{},"timestamp":"2022-05-09T10:34:27.584Z"}
{"code":8000,"codeName":"AtlasError","level":"error","name":"MongoError","ok":0,"timestamp":"2022-05-09T10:38:36.830Z"}
{"level":"error","message":{},"timestamp":"2022-05-09T10:39:11.117Z"}
{"code":8000,"codeName":"AtlasError","level":"error","name":"MongoError","ok":0,"timestamp":"2022-05-09T10:39:14.445Z"}
{"level":"error","message":{},"timestamp":"2022-05-09T10:39:31.927Z"}
{"level":"error","message":{},"timestamp":"2022-05-09T10:40:01.628Z"}
{"level":"error","message":{},"timestamp":"2022-05-09T10:41:56.294Z"}
{"level":"error","message":{},"timestamp":"2022-05-09T10:43:04.224Z"}
{"level":"error","message":{},"timestamp":"2022-05-09T10:44:03.610Z"}
{"level":"error","message":{},"timestamp":"2022-05-09T10:44:22.325Z"}
{"level":"error","message":{},"timestamp":"2022-05-09T10:44:47.058Z"}
{"level":"error","message":{},"timestamp":"2022-05-09T10:45:07.084Z"}
{"level":"error","message":{},"timestamp":"2022-05-09T10:45:29.116Z"}
{"level":"error","message":{},"timestamp":"2022-05-09T10:45:35.888Z"}
{"level":"error","message":{},"timestamp":"2022-05-09T10:46:49.832Z"}
{"level":"error","message":{},"timestamp":"2022-05-09T10:46:55.592Z"}
{"level":"error","message":{},"timestamp":"2022-05-09T10:47:00.895Z"}
{"level":"error","message":{},"timestamp":"2022-05-09T10:47:17.617Z"}
{"level":"error","message":{},"timestamp":"2022-05-09T10:47:23.205Z"}
{"level":"error","message":{},"timestamp":"2022-05-09T10:48:17.182Z"}
{"level":"error","message":{},"timestamp":"2022-05-09T10:48:42.183Z"}
{"level":"error","message":{},"timestamp":"2022-05-09T10:49:09.959Z"}
{"level":"error","message":{},"timestamp":"2022-05-09T10:53:28.904Z"}
{"level":"error","message":{},"timestamp":"2022-05-09T10:59:25.550Z"}
{"level":"error","message":{},"timestamp":"2022-05-09T11:00:47.646Z"}
{"level":"error","message":{},"timestamp":"2022-05-09T11:10:19.797Z"}
{"level":"error","message":{},"timestamp":"2022-05-09T11:12:29.836Z"}
{"level":"error","message":{},"timestamp":"2022-05-09T11:14:03.294Z"}
{"level":"error","message":{},"timestamp":"2022-05-09T11:19:01.772Z"}
{"level":"error","message":{},"timestamp":"2022-05-09T11:19:14.063Z"}
{"level":"error","message":{},"timestamp":"2022-05-09T11:20:28.938Z"}
{"level":"error","message":{},"timestamp":"2022-05-09T11:23:44.243Z"}
{"level":"error","message":{},"timestamp":"2022-05-09T11:23:53.258Z"}
{"level":"error","message":{},"timestamp":"2022-05-09T11:23:57.179Z"}
{"level":"error","message":{},"timestamp":"2022-05-09T11:24:03.939Z"}
{"level":"error","message":{},"timestamp":"2022-05-09T11:24:08.387Z"}
{"level":"error","message":{},"timestamp":"2022-05-09T11:24:12.483Z"}
{"level":"error","message":{},"timestamp":"2022-05-09T11:25:16.033Z"}
{"level":"error","message":{},"timestamp":"2022-05-09T11:26:30.976Z"}
{"level":"error","message":{},"timestamp":"2022-05-09T11:26:55.653Z"}
{"level":"error","message":{},"timestamp":"2022-05-09T11:27:32.632Z"}
{"level":"error","message":{},"timestamp":"2022-05-09T11:27:50.852Z"}
{"level":"error","message":{},"timestamp":"2022-05-09T11:28:29.633Z"}
{"level":"error","message":{},"timestamp":"2022-05-09T11:28:50.327Z"}
{"level":"error","message":{},"timestamp":"2022-05-09T11:31:12.110Z"}
{"level":"error","message":{},"timestamp":"2022-05-09T11:31:33.314Z"}
{"level":"error","message":{},"timestamp":"2022-05-09T11:37:55.426Z"}
{"level":"error","message":{},"timestamp":"2022-05-09T11:44:21.390Z"}
{"level":"error","message":{},"timestamp":"2022-05-09T11:49:05.460Z"}
{"level":"error","message":{},"timestamp":"2022-05-09T11:52:18.008Z"}
{"level":"error","message":{},"timestamp":"2022-05-09T11:52:27.066Z"}
{"level":"error","message":{},"timestamp":"2022-05-09T11:52:51.242Z"}
{"level":"error","message":{},"timestamp":"2022-05-09T11:54:42.485Z"}
{"level":"error","message":{},"timestamp":"2022-05-09T12:00:41.316Z"}
{"level":"error","message":{},"timestamp":"2022-05-09T12:02:43.072Z"}
{"level":"error","message":{},"timestamp":"2022-05-09T12:02:58.690Z"}
{"level":"error","message":{},"timestamp":"2022-05-09T12:03:42.044Z"}
{"level":"error","message":{},"timestamp":"2022-05-09T12:03:52.789Z"}
{"level":"error","message":{},"timestamp":"2022-05-09T12:04:10.072Z"}
{"level":"error","message":{},"timestamp":"2022-05-09T12:04:23.903Z"}
{"level":"error","message":{},"timestamp":"2022-05-09T12:04:38.230Z"}
{"level":"error","message":{},"timestamp":"2022-05-09T12:05:30.544Z"}
{"level":"error","message":{},"timestamp":"2022-05-09T12:05:55.442Z"}
{"level":"error","message":{},"timestamp":"2022-05-09T12:06:36.124Z"}
{"level":"error","message":{},"timestamp":"2022-05-09T12:06:53.449Z"}
{"level":"error","message":{},"timestamp":"2022-05-09T12:07:18.519Z"}
{"level":"error","message":{},"timestamp":"2022-05-09T12:07:33.937Z"}
{"level":"error","message":{},"timestamp":"2022-05-09T12:07:55.294Z"}
{"level":"error","message":{},"timestamp":"2022-05-09T12:12:32.190Z"}
{"level":"error","message":{},"timestamp":"2022-05-09T12:13:51.623Z"}
{"level":"error","message":{},"timestamp":"2022-05-09T12:14:44.551Z"}
{"level":"error","message":{},"timestamp":"2022-05-09T12:17:43.124Z"}
{"level":"error","message":{},"timestamp":"2022-05-09T12:20:30.261Z"}
{"level":"error","message":{},"timestamp":"2022-05-09T12:21:11.224Z"}
{"level":"error","message":{},"timestamp":"2022-05-09T12:23:25.550Z"}
{"level":"error","message":{},"timestamp":"2022-05-09T12:26:03.303Z"}
{"level":"error","message":{},"timestamp":"2022-05-09T12:26:36.366Z"}
{"level":"error","message":{},"timestamp":"2022-05-09T12:27:02.536Z"}
{"level":"error","message":{},"timestamp":"2022-05-09T12:27:29.628Z"}
{"level":"error","message":{},"timestamp":"2022-05-09T12:28:25.796Z"}
{"level":"error","message":{},"timestamp":"2022-05-09T12:32:56.427Z"}
{"level":"error","message":{},"timestamp":"2022-05-09T12:53:47.387Z"}
{"level":"error","message":{},"timestamp":"2022-05-09T12:55:16.395Z"}
{"level":"error","message":{},"timestamp":"2022-05-09T12:57:44.992Z"}
{"level":"error","message":{},"timestamp":"2022-05-09T12:57:52.342Z"}
{"level":"error","message":{},"timestamp":"2022-05-09T12:58:04.092Z"}
{"level":"error","message":{},"timestamp":"2022-05-09T13:00:10.207Z"}
{"level":"error","message":{},"timestamp":"2022-05-09T13:00:50.145Z"}
{"$clusterTime":{"clusterTime":"7095720851315621896","signature":{"hash":"08Rmzi4ivkpHgmVtl9aHkom8TIg=","keyId":"7035363383847157761"}},"code":16410,"codeName":"Location16410","level":"error","name":"MongoError","ok":0,"operationTime":"7095720851315621896","timestamp":"2022-05-09T13:00:53.546Z"}
{"level":"error","message":{},"timestamp":"2022-05-09T13:01:17.141Z"}
{"$clusterTime":{"clusterTime":"7095720971574706178","signature":{"hash":"AX9oh49nzJY2chlVkPp8HY2H7ks=","keyId":"7035363383847157761"}},"code":16410,"codeName":"Location16410","level":"error","name":"MongoError","ok":0,"operationTime":"7095720971574706178","timestamp":"2022-05-09T13:01:21.585Z"}
{"level":"error","message":{},"timestamp":"2022-05-09T13:01:51.382Z"}
{"level":"error","message":{},"timestamp":"2022-05-09T13:03:07.592Z"}
{"level":"error","message":{},"timestamp":"2022-05-09T13:03:43.652Z"}
{"level":"error","message":{},"timestamp":"2022-05-09T13:04:02.426Z"}
{"level":"error","message":{},"timestamp":"2022-05-09T13:04:29.227Z"}
{"level":"error","message":{},"timestamp":"2022-05-09T13:04:54.710Z"}
{"level":"error","message":{},"timestamp":"2022-05-09T13:10:20.776Z"}
{"level":"error","message":{},"timestamp":"2022-05-09T13:11:07.373Z"}
{"level":"error","message":{},"timestamp":"2022-05-09T13:11:14.719Z"}
{"level":"error","message":{},"timestamp":"2022-05-09T13:11:32.625Z"}
{"level":"error","message":{},"timestamp":"2022-05-09T13:11:43.258Z"}
{"level":"error","message":{},"timestamp":"2022-05-09T13:12:29.357Z"}
{"level":"error","message":{},"timestamp":"2022-05-09T13:15:42.170Z"}
{"level":"error","message":{},"timestamp":"2022-05-09T13:16:09.437Z"}
{"level":"error","message":{},"timestamp":"2022-05-09T13:16:35.265Z"}
{"level":"error","message":{},"timestamp":"2022-05-09T13:17:40.846Z"}
{"level":"error","timestamp":"2022-05-09T13:17:47.467Z"}
{"level":"error","message":{},"timestamp":"2022-05-09T13:27:04.068Z"}
{"level":"error","message":{},"timestamp":"2022-05-09T13:32:50.486Z"}
{"level":"error","message":{},"timestamp":"2022-05-09T13:33:29.472Z"}
{"level":"error","message":{},"timestamp":"2022-05-09T13:47:09.672Z"}
{"level":"error","message":{},"timestamp":"2022-05-09T13:48:12.668Z"}
{"level":"error","message":{},"timestamp":"2022-05-09T13:52:28.677Z"}
{"level":"error","message":{},"timestamp":"2022-05-09T13:52:44.251Z"}
{"level":"error","message":{},"timestamp":"2022-05-09T13:52:54.020Z"}
{"level":"error","message":{},"timestamp":"2022-05-09T13:53:07.282Z"}
{"level":"error","message":{},"timestamp":"2022-05-09T15:02:15.969Z"}
{"level":"error","message":{},"timestamp":"2022-05-09T15:02:47.326Z"}
{"level":"error","message":{},"timestamp":"2022-05-09T15:03:02.175Z"}
{"level":"error","message":{},"timestamp":"2022-05-09T15:03:53.453Z"}
{"level":"error","message":{},"timestamp":"2022-05-09T15:12:35.016Z"}
{"$clusterTime":{"clusterTime":"7095754837391835141","signature":{"hash":"/Ixc7Snt/YoctcTMA0isgf34E2Q=","keyId":"7035363383847157761"}},"code":73,"codeName":"InvalidNamespace","level":"error","name":"MongoError","ok":0,"operationTime":"7095754837391835141","timestamp":"2022-05-09T15:12:47.140Z"}
{"level":"error","message":{},"timestamp":"2022-05-09T15:13:28.790Z"}
{"level":"error","message":{},"timestamp":"2022-05-09T15:19:33.691Z"}
{"level":"error","message":{},"timestamp":"2022-05-09T15:20:35.511Z"}
{"level":"error","message":{},"timestamp":"2022-05-09T15:21:06.099Z"}
{"level":"error","message":{},"timestamp":"2022-05-09T15:57:14.568Z"}
{"level":"error","message":{},"timestamp":"2022-05-09T16:00:46.073Z"}
{"level":"error","message":{},"timestamp":"2022-05-09T16:03:13.469Z"}
{"$clusterTime":{"clusterTime":"7095767855437709317","signature":{"hash":"mgaGiT455keU4U6qJ/dAvfu9Jsw=","keyId":"7035363383847157761"}},"code":9,"codeName":"FailedToParse","level":"error","name":"MongoError","ok":0,"operationTime":"7095767855437709317","timestamp":"2022-05-09T16:03:18.258Z"}
{"level":"error","message":{},"timestamp":"2022-05-09T17:01:00.640Z"}
{"level":"error","message":{},"timestamp":"2022-05-09T19:38:33.202Z"}
{"level":"error","message":{},"timestamp":"2022-05-09T19:38:41.702Z"}
{"level":"error","message":{},"timestamp":"2022-05-09T19:40:02.749Z"}
{"level":"error","message":{},"timestamp":"2022-05-09T19:58:43.383Z"}
{"level":"error","message":{},"timestamp":"2022-05-09T20:00:20.197Z"}
{"level":"error","message":{},"timestamp":"2022-05-09T20:06:52.861Z"}
{"level":"error","message":{},"timestamp":"2022-05-09T20:07:32.268Z"}
{"level":"error","message":{},"timestamp":"2022-05-09T20:12:49.915Z"}
{"level":"error","message":{},"timestamp":"2022-05-09T20:16:48.775Z"}
{"level":"error","message":{},"timestamp":"2022-05-09T20:16:58.716Z"}
{"$clusterTime":{"clusterTime":"7095833246314790913","signature":{"hash":"ZiTWelLuau3V8a6PCUaxTappMdc=","keyId":"7035363383847157761"}},"code":73,"codeName":"InvalidNamespace","level":"error","name":"MongoError","ok":0,"operationTime":"7095833242019823621","timestamp":"2022-05-09T20:17:02.884Z"}
{"level":"error","message":{},"timestamp":"2022-05-09T20:17:35.968Z"}
{"level":"error","message":{},"timestamp":"2022-05-09T20:17:39.756Z"}
{"level":"error","message":{},"timestamp":"2022-05-09T20:19:19.352Z"}
{"$clusterTime":{"clusterTime":"7095833847610212356","signature":{"hash":"00Z0HQDNLu8WJm9m4maTeHNvLUU=","keyId":"7035363383847157761"}},"code":17276,"codeName":"Location17276","level":"error","name":"MongoError","ok":0,"operationTime":"7095833847610212356","timestamp":"2022-05-09T20:19:22.947Z"}
{"level":"error","message":{},"timestamp":"2022-05-09T20:19:52.104Z"}
{"level":"error","message":{},"timestamp":"2022-05-09T20:21:47.308Z"}
{"level":"error","message":{},"timestamp":"2022-05-09T20:26:40.718Z"}
{"level":"error","message":{},"timestamp":"2022-05-09T20:27:17.194Z"}
{"level":"error","message":{},"timestamp":"2022-05-09T20:27:47.075Z"}
{"level":"error","message":{},"timestamp":"2022-05-09T20:28:06.943Z"}
{"level":"error","message":{},"timestamp":"2022-05-09T20:28:18.230Z"}
{"level":"error","message":{},"timestamp":"2022-05-09T20:28:33.811Z"}
{"level":"error","message":{},"timestamp":"2022-05-09T20:29:27.897Z"}
{"level":"error","timestamp":"2022-05-09T20:29:32.989Z"}
{"level":"error","message":{},"timestamp":"2022-05-09T20:30:00.567Z"}
{"level":"error","message":{},"timestamp":"2022-05-09T20:32:37.782Z"}
{"level":"error","message":{},"timestamp":"2022-05-09T20:33:44.123Z"}
{"level":"error","message":{},"timestamp":"2022-05-09T20:33:49.905Z"}
{"level":"error","message":{},"timestamp":"2022-05-09T20:35:20.030Z"}
{"level":"error","message":{},"timestamp":"2022-05-09T20:35:42.102Z"}
{"level":"error","message":{},"timestamp":"2022-05-09T20:36:27.487Z"}
{"level":"error","message":{},"timestamp":"2022-05-09T20:37:08.043Z"}
{"level":"error","message":{},"timestamp":"2022-05-09T20:37:23.777Z"}
{"$clusterTime":{"clusterTime":"7095838503354761227","signature":{"hash":"J2YCHJYqSsYwG3TJZkB0jkWA048=","keyId":"7035363383847157761"}},"code":16410,"codeName":"Location16410","level":"error","name":"MongoError","ok":0,"operationTime":"7095838503354761227","timestamp":"2022-05-09T20:37:27.115Z"}
{"level":"error","message":{},"timestamp":"2022-05-09T20:38:04.894Z"}
{"level":"error","message":{},"timestamp":"2022-05-10T04:45:51.662Z"}
{"level":"error","message":{},"timestamp":"2022-05-10T04:46:50.958Z"}
{"level":"error","message":{},"timestamp":"2022-05-10T05:04:04.692Z"}
{"level":"error","message":{},"timestamp":"2022-05-10T05:04:42.200Z"}
{"level":"error","message":{},"timestamp":"2022-05-10T05:05:52.334Z"}
{"level":"error","message":{},"timestamp":"2022-05-10T05:06:11.095Z"}
{"level":"error","message":{},"timestamp":"2022-05-10T05:06:28.478Z"}
{"level":"error","message":{},"timestamp":"2022-05-10T05:07:16.572Z"}
{"level":"error","message":{},"timestamp":"2022-05-10T05:08:33.008Z"}
{"level":"error","message":{},"timestamp":"2022-05-10T05:08:43.063Z"}
{"level":"error","message":{},"timestamp":"2022-05-10T05:09:00.882Z"}
{"level":"error","message":{},"timestamp":"2022-05-10T05:09:17.299Z"}
{"level":"error","message":{},"timestamp":"2022-05-10T05:09:32.435Z"}
{"$clusterTime":{"clusterTime":"7095970483404800001","signature":{"hash":"g00jvSANOI9wzCC7NM4kZQflWe8=","keyId":"7035363383847157761"}},"code":16410,"codeName":"Location16410","level":"error","name":"MongoError","ok":0,"operationTime":"7095970483404800001","timestamp":"2022-05-10T05:09:35.142Z"}
{"level":"error","message":{},"timestamp":"2022-05-10T05:09:54.035Z"}
{"level":"error","message":{},"timestamp":"2022-05-10T05:12:33.591Z"}
{"level":"error","message":{},"timestamp":"2022-05-10T05:13:22.147Z"}
{"level":"error","message":{},"timestamp":"2022-05-10T05:13:41.289Z"}
{"level":"error","message":{},"timestamp":"2022-05-10T05:13:52.825Z"}
{"level":"error","message":{},"timestamp":"2022-05-10T05:20:09.033Z"}
{"level":"error","message":{},"timestamp":"2022-05-10T05:20:36.178Z"}
{"level":"error","message":{},"timestamp":"2022-05-10T05:21:22.820Z"}
{"level":"error","message":{},"timestamp":"2022-05-10T05:27:57.659Z"}
{"level":"error","message":{},"timestamp":"2022-05-10T05:28:38.288Z"}
{"level":"error","message":{},"timestamp":"2022-05-10T05:29:03.778Z"}
{"level":"error","message":{},"timestamp":"2022-05-10T05:29:30.431Z"}
{"level":"error","message":{},"timestamp":"2022-05-10T05:30:31.757Z"}
{"level":"error","message":{},"timestamp":"2022-05-10T05:31:00.446Z"}
{"level":"error","message":{},"timestamp":"2022-05-10T05:34:17.159Z"}
{"level":"error","message":{},"timestamp":"2022-05-10T05:35:11.384Z"}
{"level":"error","message":{},"timestamp":"2022-05-10T05:35:44.136Z"}
{"level":"error","message":{},"timestamp":"2022-05-10T05:36:03.405Z"}
{"level":"error","timestamp":"2022-05-10T05:36:31.621Z"}
{"level":"error","message":{},"timestamp":"2022-05-10T05:38:05.631Z"}
{"level":"error","timestamp":"2022-05-10T05:38:13.868Z"}
{"level":"error","message":{},"timestamp":"2022-05-10T05:39:59.846Z"}
{"level":"error","message":{},"timestamp":"2022-05-10T05:42:25.824Z"}
{"level":"error","message":{},"timestamp":"2022-05-10T05:42:40.666Z"}
{"level":"error","message":{},"timestamp":"2022-05-10T05:42:48.769Z"}
{"level":"error","message":{},"timestamp":"2022-05-10T05:42:59.876Z"}
{"level":"error","message":{},"timestamp":"2022-05-10T05:43:12.282Z"}
{"level":"error","message":{},"timestamp":"2022-05-10T05:44:24.192Z"}
{"level":"error","message":{},"timestamp":"2022-05-10T05:44:31.566Z"}
{"level":"error","message":{},"timestamp":"2022-05-10T05:44:52.865Z"}
{"level":"error","message":{},"timestamp":"2022-05-10T05:45:23.428Z"}
{"level":"error","message":{},"timestamp":"2022-05-10T05:47:24.081Z"}
{"level":"error","message":{},"timestamp":"2022-05-10T05:49:50.857Z"}
{"level":"error","message":{},"timestamp":"2022-05-10T05:50:20.722Z"}
{"level":"error","message":{},"timestamp":"2022-05-10T05:54:53.547Z"}
{"level":"error","message":{},"timestamp":"2022-05-10T06:02:02.266Z"}
{"level":"error","message":{},"timestamp":"2022-05-10T06:02:23.974Z"}
{"level":"error","message":{},"timestamp":"2022-05-10T06:02:47.944Z"}
{"level":"error","message":{},"timestamp":"2022-05-10T06:02:59.779Z"}
{"level":"error","message":{},"timestamp":"2022-05-10T06:06:54.966Z"}
{"level":"error","message":{},"timestamp":"2022-05-10T06:07:08.070Z"}
{"level":"error","message":{},"timestamp":"2022-05-10T06:08:10.048Z"}
{"level":"error","message":{},"timestamp":"2022-05-10T06:08:29.316Z"}
{"level":"error","message":{},"timestamp":"2022-05-10T06:08:40.519Z"}
{"level":"error","message":{},"timestamp":"2022-05-10T06:09:09.579Z"}
{"level":"error","message":{},"timestamp":"2022-05-10T06:09:15.928Z"}
{"$clusterTime":{"clusterTime":"7095985893747458054","signature":{"hash":"CJPp39Be8mNF0eWLx8yyNgbJ0To=","keyId":"7035363383847157761"}},"code":9,"codeName":"FailedToParse","level":"error","name":"MongoError","ok":0,"operationTime":"7095985893747458054","timestamp":"2022-05-10T06:09:24.052Z"}
{"level":"error","message":{},"timestamp":"2022-05-10T06:09:48.245Z"}
{"level":"error","message":{},"timestamp":"2022-05-10T06:09:54.104Z"}
{"level":"error","message":{},"timestamp":"2022-05-10T06:13:19.654Z"}
{"level":"error","message":{},"timestamp":"2022-05-10T06:17:31.291Z"}
{"level":"error","message":{},"timestamp":"2022-05-10T06:18:33.165Z"}
{"level":"error","message":{},"timestamp":"2022-05-10T06:18:54.065Z"}
{"level":"error","message":{},"timestamp":"2022-05-10T06:19:20.102Z"}
{"level":"error","message":{},"timestamp":"2022-05-10T06:19:44.803Z"}
{"level":"error","message":{},"timestamp":"2022-05-10T06:20:15.908Z"}
{"level":"error","message":{},"timestamp":"2022-05-10T06:28:00.222Z"}
{"level":"error","message":{},"timestamp":"2022-05-10T06:32:19.635Z"}
{"level":"error","message":{},"timestamp":"2022-05-10T06:36:34.447Z"}
{"level":"error","message":{},"timestamp":"2022-05-10T06:41:20.557Z"}
{"level":"error","message":{},"timestamp":"2022-05-10T06:43:57.037Z"}
{"level":"error","message":{},"timestamp":"2022-05-10T07:10:16.714Z"}
{"level":"error","message":{},"timestamp":"2022-05-10T07:15:57.975Z"}
{"level":"error","message":{},"timestamp":"2022-05-10T07:16:45.979Z"}
{"level":"error","message":{},"timestamp":"2022-05-10T07:17:12.391Z"}
{"level":"error","message":{},"timestamp":"2022-05-10T07:20:05.646Z"}
{"$clusterTime":{"clusterTime":"7096004143063498755","signature":{"hash":"jKtnAtF7JrOJNDVk2JiQFXUhHTQ=","keyId":"7035363383847157761"}},"code":15983,"codeName":"Location15983","level":"error","name":"MongoError","ok":0,"operationTime":"7096004143063498755","timestamp":"2022-05-10T07:20:12.265Z"}
{"level":"error","message":{},"timestamp":"2022-05-10T07:21:12.682Z"}
{"$clusterTime":{"clusterTime":"7096004413646438404","signature":{"hash":"16NjJkbWhe+3IO7B8uG5UzN49eA=","keyId":"7035363383847157761"}},"code":15983,"codeName":"Location15983","level":"error","name":"MongoError","ok":0,"operationTime":"7096004413646438404","timestamp":"2022-05-10T07:21:15.938Z"}
{"level":"error","message":{},"timestamp":"2022-05-10T07:21:56.681Z"}
{"$clusterTime":{"clusterTime":"7096004624099835908","signature":{"hash":"y/gzXhogi5ZxrfUqFe48aUJ7Ymg=","keyId":"7035363383847157761"}},"code":15983,"codeName":"Location15983","level":"error","name":"MongoError","ok":0,"operationTime":"7096004624099835908","timestamp":"2022-05-10T07:22:04.676Z"}
{"level":"error","message":{},"timestamp":"2022-05-10T08:09:58.948Z"}
{"level":"error","message":{},"timestamp":"2022-05-10T08:10:42.962Z"}
{"level":"error","message":{},"timestamp":"2022-05-10T08:11:58.503Z"}
{"level":"error","message":{},"timestamp":"2022-05-10T08:15:19.116Z"}
{"level":"error","message":{},"timestamp":"2022-05-10T08:15:32.147Z"}
{"level":"error","message":{},"timestamp":"2022-05-10T08:15:41.387Z"}
{"level":"error","message":{},"timestamp":"2022-05-10T08:16:31.655Z"}
{"$clusterTime":{"clusterTime":"7096018672937861124","signature":{"hash":"LmYPSLt5B210sfuqMMBHn38xBDY=","keyId":"7035363383847157761"}},"code":9,"codeName":"FailedToParse","level":"error","name":"MongoError","ok":0,"operationTime":"7096018672937861124","timestamp":"2022-05-10T08:16:35.704Z"}
{"level":"error","message":{},"timestamp":"2022-05-10T08:17:17.820Z"}
{"level":"error","message":{},"timestamp":"2022-05-10T08:17:26.457Z"}
{"$clusterTime":{"clusterTime":"7096018909161062425","signature":{"hash":"vNwN5T4cAi5shosPj1A5EeLzdMU=","keyId":"7035363383847157761"}},"code":9,"codeName":"FailedToParse","level":"error","name":"MongoError","ok":0,"operationTime":"7096018909161062425","timestamp":"2022-05-10T08:17:30.050Z"}
{"level":"error","message":{},"timestamp":"2022-05-10T08:18:03.916Z"}
{"level":"error","message":{},"timestamp":"2022-05-10T08:18:27.468Z"}
{"level":"error","message":{},"timestamp":"2022-05-10T08:18:56.620Z"}
{"level":"error","message":{},"timestamp":"2022-05-10T08:19:03.963Z"}
{"level":"error","message":{},"timestamp":"2022-05-10T08:19:16.788Z"}
{"level":"error","message":{},"timestamp":"2022-05-10T08:19:45.326Z"}
{"level":"error","message":{},"timestamp":"2022-05-10T08:39:08.996Z"}
{"level":"error","message":{},"timestamp":"2022-05-10T08:40:32.782Z"}
{"level":"error","message":{},"timestamp":"2022-05-10T08:41:16.786Z"}
{"level":"error","message":{},"timestamp":"2022-05-10T08:41:31.182Z"}
{"level":"error","message":{},"timestamp":"2022-05-10T08:42:12.835Z"}
{"level":"error","message":{},"timestamp":"2022-05-10T08:43:56.237Z"}
{"level":"error","message":{},"timestamp":"2022-05-10T08:45:52.008Z"}
{"level":"error","message":{},"timestamp":"2022-05-10T08:46:04.859Z"}
{"level":"error","message":{},"timestamp":"2022-05-10T08:46:42.941Z"}
{"level":"error","message":{},"timestamp":"2022-05-10T08:47:31.373Z"}
{"level":"error","message":{},"timestamp":"2022-05-10T08:47:40.306Z"}
{"level":"error","message":{},"timestamp":"2022-05-10T08:47:54.018Z"}
{"level":"error","message":{},"timestamp":"2022-05-10T08:48:27.884Z"}
{"level":"error","message":{},"timestamp":"2022-05-10T08:49:14.623Z"}
{"level":"error","message":{},"timestamp":"2022-05-10T08:55:11.288Z"}
{"level":"error","message":{},"timestamp":"2022-05-10T08:55:20.620Z"}
{"level":"error","message":{},"timestamp":"2022-05-10T08:55:36.151Z"}
{"level":"error","message":{},"timestamp":"2022-05-10T08:56:25.071Z"}
{"level":"error","message":{},"timestamp":"2022-05-10T08:56:40.391Z"}
{"level":"error","message":{},"timestamp":"2022-05-10T08:57:23.290Z"}
{"level":"error","message":{},"timestamp":"2022-05-10T08:57:59.743Z"}
{"$clusterTime":{"clusterTime":"7096029367406428161","signature":{"hash":"TlqvcZemdDB/7pQwYPk4a7Kors4=","keyId":"7035363383847157761"}},"code":15983,"codeName":"Location15983","level":"error","name":"MongoError","ok":0,"operationTime":"7096029367406428161","timestamp":"2022-05-10T08:58:05.219Z"}
{"level":"error","message":{},"timestamp":"2022-05-10T08:58:42.783Z"}
{"$clusterTime":{"clusterTime":"7096029539205120004","signature":{"hash":"vDeYDgO+U2dOtrUDVyTimzFRlGY=","keyId":"7035363383847157761"}},"code":15983,"codeName":"Location15983","level":"error","name":"MongoError","ok":0,"operationTime":"7096029539205120004","timestamp":"2022-05-10T08:58:45.692Z"}
{"level":"error","message":{},"timestamp":"2022-05-10T09:02:25.451Z"}
{"$clusterTime":{"clusterTime":"7096030505572761623","signature":{"hash":"RSetj2DYGI/PHwB/yyHSLAm5leE=","keyId":"7035363383847157761"}},"code":17276,"codeName":"Location17276","level":"error","name":"MongoError","ok":0,"operationTime":"7096030505572761623","timestamp":"2022-05-10T09:02:30.214Z"}
{"level":"error","message":{},"timestamp":"2022-05-10T09:02:57.329Z"}
{"level":"error","message":{},"timestamp":"2022-05-10T09:03:43.027Z"}
{"level":"error","message":{},"timestamp":"2022-05-10T09:04:33.114Z"}
{"$clusterTime":{"clusterTime":"7096031046738640897","signature":{"hash":"4rO3MKKG9gLDzzsDM4WmqElBkE8=","keyId":"7035363383847157761"}},"code":40081,"codeName":"Location40081","level":"error","name":"MongoError","ok":0,"operationTime":"7096031046738640897","timestamp":"2022-05-10T09:04:36.330Z"}
{"level":"error","message":{},"timestamp":"2022-05-10T09:05:20.569Z"}
{"level":"error","message":{},"timestamp":"2022-05-10T09:05:44.466Z"}
{"level":"error","message":{},"timestamp":"2022-05-10T09:07:00.905Z"}
{"level":"error","message":{},"timestamp":"2022-05-10T09:07:34.057Z"}
{"level":"error","message":{},"timestamp":"2022-05-10T09:07:58.353Z"}
{"level":"error","message":{},"timestamp":"2022-05-10T09:09:33.658Z"}
{"level":"error","message":{},"timestamp":"2022-05-10T09:10:23.962Z"}
{"level":"error","message":{},"timestamp":"2022-05-10T09:10:48.437Z"}
{"level":"error","message":{},"timestamp":"2022-05-10T09:11:29.425Z"}
{"level":"error","message":{},"timestamp":"2022-05-10T09:12:39.638Z"}
{"level":"error","message":{},"timestamp":"2022-05-10T09:12:50.900Z"}
{"level":"error","message":{},"timestamp":"2022-05-10T09:13:07.791Z"}
{"level":"error","message":{},"timestamp":"2022-05-10T09:13:57.847Z"}
{"level":"error","message":{},"timestamp":"2022-05-10T09:14:37.063Z"}
{"level":"error","message":{},"timestamp":"2022-05-10T09:16:20.157Z"}
{"level":"error","message":{},"timestamp":"2022-05-10T09:17:27.180Z"}
{"level":"error","message":{},"timestamp":"2022-05-10T09:17:36.909Z"}
{"level":"error","message":{},"timestamp":"2022-05-10T09:17:50.249Z"}
{"level":"error","message":{},"timestamp":"2022-05-10T09:18:14.710Z"}
{"level":"error","message":{},"timestamp":"2022-05-10T09:18:48.761Z"}
{"level":"error","message":{},"timestamp":"2022-05-10T09:22:38.180Z"}
{"level":"error","message":{},"timestamp":"2022-05-10T09:23:57.388Z"}
{"level":"error","message":{},"timestamp":"2022-05-10T09:24:30.317Z"}
{"level":"error","message":{},"timestamp":"2022-05-10T09:25:23.343Z"}
{"level":"error","message":{},"timestamp":"2022-05-10T09:26:52.253Z"}
{"level":"error","message":{},"timestamp":"2022-05-10T09:27:18.440Z"}
{"level":"error","message":{},"timestamp":"2022-05-10T09:27:25.489Z"}
{"level":"error","message":{},"timestamp":"2022-05-10T09:27:36.424Z"}
{"level":"error","message":{},"timestamp":"2022-05-10T09:27:45.106Z"}
{"level":"error","message":{},"timestamp":"2022-05-10T09:28:02.298Z"}
{"level":"error","message":{},"timestamp":"2022-05-10T09:28:10.791Z"}
{"level":"error","message":{},"timestamp":"2022-05-10T09:28:35.288Z"}
{"level":"error","message":{},"timestamp":"2022-05-10T09:28:43.562Z"}
{"level":"error","message":{},"timestamp":"2022-05-10T09:28:52.050Z"}
{"level":"error","message":{},"timestamp":"2022-05-10T09:28:57.337Z"}
{"level":"error","message":{},"timestamp":"2022-05-10T09:29:43.401Z"}
{"level":"error","message":{},"timestamp":"2022-05-10T09:30:18.053Z"}
{"level":"error","message":{},"timestamp":"2022-05-10T09:30:28.758Z"}
{"level":"error","message":{},"timestamp":"2022-05-10T09:32:28.814Z"}
{"level":"error","timestamp":"2022-05-10T09:32:32.130Z"}
{"level":"error","message":{},"timestamp":"2022-05-10T09:32:54.552Z"}
{"level":"error","message":{},"timestamp":"2022-05-10T09:35:29.830Z"}
{"level":"error","message":{},"timestamp":"2022-05-10T09:35:42.139Z"}
{"$clusterTime":{"clusterTime":"7096039074032517125","signature":{"hash":"dPkghFMIxnEeCcjQIAn11lO3Q0E=","keyId":"7035363383847157761"}},"code":9,"codeName":"FailedToParse","level":"error","name":"MongoError","ok":0,"operationTime":"7096039074032517125","timestamp":"2022-05-10T09:35:46.149Z"}
{"level":"error","message":{},"timestamp":"2022-05-10T09:36:36.196Z"}
{"level":"error","message":{},"timestamp":"2022-05-10T09:36:51.064Z"}
{"level":"error","message":{},"timestamp":"2022-05-10T09:36:57.878Z"}
{"level":"error","message":{},"timestamp":"2022-05-10T09:40:09.712Z"}
{"level":"error","message":{},"timestamp":"2022-05-10T09:40:23.940Z"}
{"level":"error","message":{},"timestamp":"2022-05-10T09:41:15.553Z"}
{"level":"error","message":{},"timestamp":"2022-05-10T09:41:27.056Z"}
{"level":"error","message":{},"timestamp":"2022-05-10T09:41:53.796Z"}
{"level":"error","message":{},"timestamp":"2022-05-10T09:42:10.944Z"}
{"level":"error","message":{},"timestamp":"2022-05-10T09:42:20.948Z"}
{"level":"error","message":{},"timestamp":"2022-05-10T09:42:33.365Z"}
{"level":"error","message":{},"timestamp":"2022-05-10T09:42:47.374Z"}
{"level":"error","message":{},"timestamp":"2022-05-10T09:43:43.874Z"}
{"level":"error","message":{},"timestamp":"2022-05-10T09:44:58.406Z"}
{"level":"error","message":{},"timestamp":"2022-05-10T09:46:12.217Z"}
{"level":"error","message":{},"timestamp":"2022-05-10T09:48:46.056Z"}
{"level":"error","message":{},"timestamp":"2022-05-10T10:02:07.061Z"}
{"level":"error","message":{},"timestamp":"2022-05-10T10:10:44.978Z"}
{"level":"error","message":{},"timestamp":"2022-05-10T10:12:20.554Z"}
{"level":"error","message":{},"timestamp":"2022-05-10T10:13:15.683Z"}
{"level":"error","message":{},"timestamp":"2022-05-10T10:13:47.653Z"}
{"level":"error","message":{},"timestamp":"2022-05-10T10:18:01.192Z"}
{"level":"error","message":{},"timestamp":"2022-05-10T10:18:34.296Z"}
{"level":"error","message":{},"timestamp":"2022-05-10T10:19:01.890Z"}
{"level":"error","message":{},"timestamp":"2022-05-10T10:20:05.097Z"}
{"level":"error","message":{},"timestamp":"2022-05-10T10:20:40.425Z"}
{"level":"error","message":{},"timestamp":"2022-05-10T10:20:57.908Z"}
{"level":"error","message":{},"timestamp":"2022-05-10T10:23:18.413Z"}
{"level":"error","message":{},"timestamp":"2022-05-10T10:23:42.464Z"}
{"level":"error","message":{},"timestamp":"2022-05-10T10:23:58.892Z"}
{"level":"error","message":{},"timestamp":"2022-05-10T10:27:49.784Z"}
{"level":"error","message":{},"timestamp":"2022-05-10T10:42:05.468Z"}
{"level":"error","message":{},"timestamp":"2022-05-10T10:52:47.755Z"}
{"level":"error","message":{},"timestamp":"2022-05-10T10:53:02.197Z"}
{"level":"error","message":{},"timestamp":"2022-05-10T10:53:47.229Z"}
{"level":"error","message":{},"timestamp":"2022-05-10T10:54:39.322Z"}
{"level":"error","message":{},"timestamp":"2022-05-10T10:57:55.300Z"}
{"level":"error","message":{},"timestamp":"2022-05-10T10:58:01.182Z"}
{"level":"error","message":{},"timestamp":"2022-05-10T10:59:22.248Z"}
{"level":"error","message":{},"timestamp":"2022-05-10T11:02:01.882Z"}
{"level":"error","message":{},"timestamp":"2022-05-10T11:10:06.543Z"}
{"level":"error","message":{},"timestamp":"2022-05-10T12:03:17.668Z"}
{"level":"error","message":{},"timestamp":"2022-05-10T12:04:18.050Z"}
{"level":"error","message":{},"timestamp":"2022-05-10T12:04:34.630Z"}
{"level":"error","message":{},"timestamp":"2022-05-10T12:06:15.440Z"}
{"level":"error","message":{},"timestamp":"2022-05-10T12:07:36.736Z"}
{"level":"error","message":{},"timestamp":"2022-05-10T12:07:55.636Z"}
{"level":"error","message":{},"timestamp":"2022-05-10T12:09:29.567Z"}
{"level":"error","message":{},"timestamp":"2022-05-10T12:09:52.486Z"}
{"level":"error","message":{},"timestamp":"2022-05-10T12:10:19.881Z"}
{"level":"error","message":{},"timestamp":"2022-05-10T12:10:34.945Z"}
{"level":"error","message":{},"timestamp":"2022-05-10T12:13:48.166Z"}
{"level":"error","message":{},"timestamp":"2022-05-10T12:14:06.184Z"}
{"level":"error","message":{},"timestamp":"2022-05-10T12:14:28.910Z"}
{"level":"error","message":{},"timestamp":"2022-05-10T12:14:50.775Z"}
{"level":"error","message":{},"timestamp":"2022-05-10T12:16:49.490Z"}
{"level":"error","message":{},"timestamp":"2022-05-10T12:17:10.739Z"}
{"level":"error","message":{},"timestamp":"2022-05-10T12:17:27.490Z"}
{"level":"error","message":{},"timestamp":"2022-05-10T12:25:56.527Z"}
{"level":"error","message":{},"timestamp":"2022-05-10T12:26:14.859Z"}
{"level":"error","message":{},"timestamp":"2022-05-10T12:42:32.303Z"}
{"level":"error","message":{},"timestamp":"2022-05-10T12:42:52.837Z"}
{"level":"error","message":{},"timestamp":"2022-05-10T12:43:06.344Z"}
{"level":"error","message":{},"timestamp":"2022-05-10T12:43:20.909Z"}
{"level":"error","message":{},"timestamp":"2022-05-10T12:43:28.148Z"}
{"level":"error","message":{},"timestamp":"2022-05-10T12:43:45.890Z"}
{"level":"error","message":{},"timestamp":"2022-05-10T12:43:54.806Z"}
{"level":"error","message":{},"timestamp":"2022-05-10T12:44:08.098Z"}
{"level":"error","message":{},"timestamp":"2022-05-10T12:44:25.065Z"}
{"level":"error","message":{},"timestamp":"2022-05-10T12:44:38.356Z"}
{"level":"error","message":{},"timestamp":"2022-05-10T12:44:42.475Z"}
{"level":"error","timestamp":"2022-05-10T12:44:43.002Z"}
{"level":"error","message":{},"timestamp":"2022-05-10T12:45:23.892Z"}
{"level":"error","timestamp":"2022-05-10T12:45:27.166Z"}
{"level":"error","message":{},"timestamp":"2022-05-10T12:45:43.695Z"}
{"level":"error","message":{},"timestamp":"2022-05-10T12:45:55.463Z"}
{"level":"error","message":{},"timestamp":"2022-05-10T12:46:02.556Z"}
{"level":"error","message":{},"timestamp":"2022-05-10T12:46:31.841Z"}
{"level":"error","message":{},"timestamp":"2022-05-10T12:46:37.495Z"}
{"level":"error","message":{},"timestamp":"2022-05-10T12:48:51.511Z"}
{"level":"error","message":{},"timestamp":"2022-05-10T12:49:28.696Z"}
{"level":"error","message":{},"timestamp":"2022-05-10T12:51:08.581Z"}
{"level":"error","message":{},"timestamp":"2022-05-10T12:51:45.259Z"}
{"level":"error","message":{},"timestamp":"2022-05-10T12:52:32.391Z"}
{"level":"error","message":{},"timestamp":"2022-05-10T12:54:34.798Z"}
{"level":"error","message":{},"timestamp":"2022-05-10T12:59:37.722Z"}
{"level":"error","message":{},"timestamp":"2022-05-10T13:09:11.479Z"}
{"level":"error","message":{},"timestamp":"2022-05-10T15:40:23.365Z"}
{"$clusterTime":{"clusterTime":"7096133095161593861","signature":{"hash":"VyBPP3Sg7zFw4JbwE5Zg4jJjfE4=","keyId":"7035363383847157761"}},"code":168,"codeName":"InvalidPipelineOperator","level":"error","name":"MongoError","ok":0,"operationTime":"7096133095161593861","timestamp":"2022-05-10T15:40:36.751Z"}
{"level":"error","message":{},"timestamp":"2022-05-10T15:41:07.989Z"}
{"level":"error","message":{},"timestamp":"2022-05-10T15:41:22.169Z"}
{"level":"error","message":{},"timestamp":"2022-05-10T15:41:33.145Z"}
{"level":"error","message":{},"timestamp":"2022-05-10T15:41:43.673Z"}
{"level":"error","message":{},"timestamp":"2022-05-10T15:42:33.672Z"}
{"$clusterTime":{"clusterTime":"7096133614852636679","signature":{"hash":"+RZOewuK961xfn0dg/WeO1Odc0k=","keyId":"7035363383847157761"}},"code":168,"codeName":"InvalidPipelineOperator","level":"error","name":"MongoError","ok":0,"operationTime":"7096133614852636679","timestamp":"2022-05-10T15:42:37.723Z"}
{"level":"error","message":{},"timestamp":"2022-05-10T15:43:04.710Z"}
{"level":"error","message":{},"timestamp":"2022-05-10T15:43:18.097Z"}
{"level":"error","message":{},"timestamp":"2022-05-10T15:43:41.624Z"}
{"level":"error","message":{},"timestamp":"2022-05-10T15:44:04.552Z"}
{"level":"error","message":{},"timestamp":"2022-05-10T15:44:48.958Z"}
{"level":"error","message":{},"timestamp":"2022-05-10T15:45:00.199Z"}
{"level":"error","message":{},"timestamp":"2022-05-10T15:45:09.219Z"}
{"$clusterTime":{"clusterTime":"7096134284867534853","signature":{"hash":"RXzYuNIUAZhKrU/c8x8IkG8yZck=","keyId":"7035363383847157761"}},"code":168,"codeName":"InvalidPipelineOperator","level":"error","name":"MongoError","ok":0,"operationTime":"7096134284867534853","timestamp":"2022-05-10T15:45:13.669Z"}
{"level":"error","message":{},"timestamp":"2022-05-10T15:45:31.055Z"}
{"level":"error","message":{},"timestamp":"2022-05-10T15:45:47.122Z"}
{"level":"error","message":{},"timestamp":"2022-05-10T15:45:55.300Z"}
{"level":"error","message":{},"timestamp":"2022-05-10T15:46:17.631Z"}
{"level":"error","message":{},"timestamp":"2022-05-10T15:47:11.552Z"}
{"level":"error","message":{},"timestamp":"2022-05-10T15:47:29.953Z"}
{"level":"error","message":{},"timestamp":"2022-05-10T15:47:46.912Z"}
{"level":"error","message":{},"timestamp":"2022-05-10T15:48:02.289Z"}
{"level":"error","message":{},"timestamp":"2022-05-10T15:49:06.479Z"}
{"level":"error","message":{},"timestamp":"2022-05-10T15:49:15.950Z"}
{"level":"error","message":{},"timestamp":"2022-05-10T15:50:02.177Z"}
{"level":"error","message":{},"timestamp":"2022-05-10T15:50:17.316Z"}
{"$clusterTime":{"clusterTime":"7096135603422494747","signature":{"hash":"AZ0tV8Q5s94zXpc52TAobhKF9kQ=","keyId":"7035363383847157761"}},"code":168,"codeName":"InvalidPipelineOperator","level":"error","name":"MongoError","ok":0,"operationTime":"7096135603422494747","timestamp":"2022-05-10T15:50:20.526Z"}
{"level":"error","message":{},"timestamp":"2022-05-10T15:52:08.151Z"}
{"level":"error","message":{},"timestamp":"2022-05-10T18:21:42.770Z"}
{"level":"error","message":{},"timestamp":"2022-05-10T18:21:48.970Z"}
{"level":"error","message":{},"timestamp":"2022-05-10T18:21:54.240Z"}
{"level":"error","message":{},"timestamp":"2022-05-10T18:24:01.100Z"}
{"level":"error","message":{},"timestamp":"2022-05-10T18:24:23.678Z"}
{"level":"error","message":{},"timestamp":"2022-05-10T18:24:51.739Z"}
{"level":"error","message":{},"timestamp":"2022-05-10T18:25:17.935Z"}
{"level":"error","message":{},"timestamp":"2022-05-10T18:25:39.284Z"}
{"level":"error","message":{},"timestamp":"2022-05-10T18:26:16.710Z"}
{"level":"error","timestamp":"2022-05-10T18:26:20.205Z"}
{"level":"error","message":{},"timestamp":"2022-05-10T18:27:08.958Z"}
{"level":"error","message":{},"timestamp":"2022-05-10T18:31:11.727Z"}
{"level":"error","message":{},"timestamp":"2022-05-10T18:31:49.680Z"}
{"level":"error","message":{},"timestamp":"2022-05-10T18:32:32.055Z"}
{"level":"error","message":{},"timestamp":"2022-05-10T18:32:45.200Z"}
{"level":"error","timestamp":"2022-05-10T18:32:48.876Z"}
{"level":"error","message":{},"timestamp":"2022-05-10T18:34:39.296Z"}
{"level":"error","message":{},"timestamp":"2022-05-10T18:34:54.534Z"}
{"level":"error","message":{},"timestamp":"2022-05-10T18:36:47.124Z"}
{"$clusterTime":{"clusterTime":"7096178510145781788","signature":{"hash":"VtEkMk/hbpZdnLEfDpebH4pZSaM=","keyId":"7035363383847157761"}},"code":16410,"codeName":"Location16410","level":"error","name":"MongoError","ok":0,"operationTime":"7096178510145781788","timestamp":"2022-05-10T18:36:50.795Z"}
{"level":"error","message":{},"timestamp":"2022-05-10T18:37:06.497Z"}
{"level":"error","message":{},"timestamp":"2022-05-10T18:37:41.522Z"}
{"level":"error","message":{},"timestamp":"2022-05-10T18:39:58.000Z"}
{"level":"error","message":{},"timestamp":"2022-05-10T18:44:05.078Z"}
{"level":"error","message":{},"timestamp":"2022-05-10T19:03:32.319Z"}
{"level":"error","message":{},"timestamp":"2022-05-10T19:07:46.103Z"}
{"level":"error","message":{},"timestamp":"2022-05-10T19:08:21.352Z"}
{"level":"error","message":{},"timestamp":"2022-05-10T19:09:17.908Z"}
{"level":"error","message":{},"timestamp":"2022-05-10T19:12:05.624Z"}
{"level":"error","message":{},"timestamp":"2022-05-10T19:58:00.078Z"}
{"level":"error","message":{},"timestamp":"2022-05-10T20:06:13.021Z"}
{"level":"error","message":{},"timestamp":"2022-05-10T20:07:20.620Z"}
{"level":"error","message":{},"timestamp":"2022-05-10T20:08:42.420Z"}
{"level":"error","message":{},"timestamp":"2022-05-10T20:09:06.717Z"}
{"level":"error","message":{},"timestamp":"2022-05-10T20:09:32.922Z"}
{"level":"error","message":{},"timestamp":"2022-05-10T20:10:15.356Z"}
{"level":"error","message":{},"timestamp":"2022-05-10T20:11:52.044Z"}
{"level":"error","message":{},"timestamp":"2022-05-10T20:12:38.415Z"}
{"level":"error","message":{},"timestamp":"2022-05-10T20:13:50.530Z"}
{"level":"error","message":{},"timestamp":"2022-05-10T20:14:27.478Z"}
{"level":"error","message":{},"timestamp":"2022-05-10T20:17:49.843Z"}
{"level":"error","message":{},"timestamp":"2022-05-10T20:21:55.710Z"}
{"level":"error","message":{},"timestamp":"2022-05-10T20:41:17.791Z"}
{"level":"error","message":{},"timestamp":"2022-05-10T20:42:11.042Z"}
{"level":"error","message":{},"timestamp":"2022-05-10T20:46:53.578Z"}
{"level":"error","message":{},"timestamp":"2022-05-10T20:48:22.338Z"}
{"level":"error","message":{},"timestamp":"2022-05-10T20:52:42.630Z"}
{"level":"error","message":{},"timestamp":"2022-05-10T20:54:51.658Z"}
{"level":"error","message":{},"timestamp":"2022-05-10T20:56:02.174Z"}
{"level":"error","message":{},"timestamp":"2022-05-10T20:56:57.205Z"}
{"level":"error","message":{},"timestamp":"2022-05-10T20:57:45.059Z"}
{"level":"error","timestamp":"2022-05-10T21:07:46.020Z"}
{"level":"error","message":{},"timestamp":"2022-05-11T05:55:33.874Z"}
{"level":"error","message":{},"timestamp":"2022-05-11T06:46:45.622Z"}
{"level":"error","message":{},"timestamp":"2022-05-11T06:49:27.450Z"}
{"level":"error","message":{},"timestamp":"2022-05-11T06:50:55.021Z"}
{"level":"error","message":{},"timestamp":"2022-05-11T06:51:40.120Z"}
{"level":"error","message":{},"timestamp":"2022-05-11T06:54:58.472Z"}
{"level":"error","message":{},"timestamp":"2022-05-11T06:55:56.924Z"}
{"level":"error","message":{},"timestamp":"2022-05-11T06:58:09.789Z"}
{"level":"error","timestamp":"2022-05-11T07:09:49.534Z"}
{"level":"error","message":{},"timestamp":"2022-05-11T07:11:29.820Z"}
{"level":"error","message":{},"timestamp":"2022-05-11T07:12:12.360Z"}
{"level":"error","message":{},"timestamp":"2022-05-11T07:13:15.951Z"}
{"level":"error","message":{},"timestamp":"2022-05-11T07:14:32.521Z"}
{"level":"error","message":{},"timestamp":"2022-05-11T07:16:12.619Z"}
{"level":"error","message":{},"timestamp":"2022-05-11T07:16:30.205Z"}
{"level":"error","message":{},"timestamp":"2022-05-11T07:17:25.354Z"}
{"level":"error","message":{},"timestamp":"2022-05-11T07:17:55.017Z"}
{"level":"error","message":{},"timestamp":"2022-05-11T07:20:11.764Z"}
{"level":"error","timestamp":"2022-05-11T07:22:06.981Z"}
{"level":"error","message":{},"timestamp":"2022-05-11T07:22:29.112Z"}
{"level":"error","timestamp":"2022-05-11T07:27:20.849Z"}
{"level":"error","message":{},"timestamp":"2022-05-11T07:27:51.212Z"}
{"level":"error","timestamp":"2022-05-11T07:27:53.892Z"}
{"level":"error","message":{},"timestamp":"2022-05-11T07:28:33.282Z"}
{"level":"error","message":{},"timestamp":"2022-05-11T07:30:05.402Z"}
{"level":"error","message":{},"timestamp":"2022-05-11T07:31:07.495Z"}
{"level":"error","message":{},"timestamp":"2022-05-11T07:31:20.872Z"}
{"level":"error","timestamp":"2022-05-11T07:31:24.708Z"}
{"level":"error","message":{},"timestamp":"2022-05-11T07:31:41.579Z"}
{"level":"error","message":{},"timestamp":"2022-05-11T08:14:47.116Z"}
{"level":"error","message":{},"timestamp":"2022-05-11T08:22:45.642Z"}
{"level":"error","message":{},"timestamp":"2022-05-11T08:24:43.422Z"}
{"level":"error","message":{},"timestamp":"2022-05-11T08:25:19.080Z"}
{"level":"error","message":{},"timestamp":"2022-05-11T08:30:04.259Z"}
{"level":"error","message":{},"timestamp":"2022-05-11T08:30:19.654Z"}
{"level":"error","message":{},"timestamp":"2022-05-11T08:38:16.838Z"}
{"level":"error","message":{},"timestamp":"2022-05-11T08:39:49.618Z"}
{"level":"error","message":{},"timestamp":"2022-05-11T08:42:03.383Z"}
{"level":"error","message":{},"timestamp":"2022-05-11T08:44:47.132Z"}
{"level":"error","message":{},"timestamp":"2022-05-11T08:45:32.386Z"}
{"level":"error","message":{},"timestamp":"2022-05-11T08:45:46.731Z"}
{"level":"error","message":{},"timestamp":"2022-05-11T08:46:05.920Z"}
{"level":"error","message":{},"timestamp":"2022-05-11T08:48:27.782Z"}
{"level":"error","message":{},"timestamp":"2022-05-11T08:49:22.768Z"}
{"level":"error","message":{},"timestamp":"2022-05-11T08:51:07.142Z"}
{"level":"error","message":{},"timestamp":"2022-05-11T08:51:59.875Z"}
{"level":"error","message":{},"timestamp":"2022-05-11T08:52:49.200Z"}
{"level":"error","message":{},"timestamp":"2022-05-11T08:53:16.474Z"}
{"level":"error","message":{},"timestamp":"2022-05-11T08:53:35.578Z"}
{"level":"error","message":{},"timestamp":"2022-05-11T08:54:28.724Z"}
{"level":"error","message":{},"timestamp":"2022-05-11T08:54:53.768Z"}
{"level":"error","message":{},"timestamp":"2022-05-11T08:55:45.389Z"}
{"level":"error","message":{},"timestamp":"2022-05-11T09:06:50.538Z"}
{"kind":"ObjectId","level":"error","path":"_id","reason":{},"stringValue":"\"27b646e36bb0bd8f653af7e\"","timestamp":"2022-05-11T09:08:15.748Z","value":"27b646e36bb0bd8f653af7e","valueType":"string"}
{"level":"error","timestamp":"2022-05-11T09:08:22.544Z"}
{"level":"error","message":{},"timestamp":"2022-05-11T14:37:02.498Z"}
{"level":"error","message":{},"timestamp":"2022-05-11T14:39:31.262Z"}
{"level":"error","message":{},"timestamp":"2022-05-11T14:44:29.926Z"}
{"level":"error","message":{},"timestamp":"2022-05-11T14:44:31.857Z"}
{"level":"error","message":{},"timestamp":"2022-05-11T14:45:41.791Z"}
{"level":"error","message":{},"timestamp":"2022-05-11T14:45:43.989Z"}
{"level":"error","message":{},"timestamp":"2022-05-11T14:46:53.548Z"}
{"level":"error","message":{},"timestamp":"2022-05-11T14:46:56.007Z"}
{"level":"error","message":{},"timestamp":"2022-05-11T14:47:02.902Z"}
{"level":"error","message":{},"timestamp":"2022-05-11T14:48:08.186Z"}
{"level":"error","message":{},"timestamp":"2022-05-11T14:48:55.312Z"}
{"level":"error","message":{},"timestamp":"2022-05-11T14:49:03.655Z"}
{"level":"error","message":{},"timestamp":"2022-05-11T14:49:16.196Z"}
{"level":"error","message":{},"timestamp":"2022-05-11T14:49:23.914Z"}
{"level":"error","message":{},"timestamp":"2022-05-11T14:51:29.626Z"}
{"level":"error","message":{},"timestamp":"2022-05-11T14:51:35.056Z"}
{"level":"error","message":{},"timestamp":"2022-05-11T14:52:02.906Z"}
{"level":"error","message":{},"timestamp":"2022-05-11T14:52:10.074Z"}
{"level":"error","message":{},"timestamp":"2022-05-11T14:52:14.627Z"}
{"level":"error","message":{},"timestamp":"2022-05-11T14:56:54.335Z"}
{"level":"error","message":{},"timestamp":"2022-05-11T14:57:02.171Z"}
{"level":"error","message":{},"timestamp":"2022-05-11T14:57:22.210Z"}
{"level":"error","message":{},"timestamp":"2022-05-11T14:58:43.055Z"}
{"level":"error","message":{},"timestamp":"2022-05-11T14:59:11.917Z"}
{"level":"error","message":{},"timestamp":"2022-05-11T15:00:16.337Z"}
{"level":"error","message":{},"timestamp":"2022-05-11T15:06:20.913Z"}
{"level":"error","message":{},"timestamp":"2022-05-11T15:07:12.978Z"}
{"level":"error","message":{},"timestamp":"2022-05-11T15:32:08.172Z"}
{"level":"error","message":{},"timestamp":"2022-05-11T15:33:01.141Z"}
{"level":"error","message":{},"timestamp":"2022-05-11T15:33:06.748Z"}
{"level":"error","message":{},"timestamp":"2022-05-11T15:33:21.642Z"}
{"level":"error","message":{},"timestamp":"2022-05-11T15:37:39.696Z"}
{"level":"error","message":{},"timestamp":"2022-05-11T15:37:48.308Z"}
{"level":"error","message":{},"timestamp":"2022-05-11T15:37:59.117Z"}
{"level":"error","message":{},"timestamp":"2022-05-11T15:38:08.921Z"}
{"level":"error","message":{},"timestamp":"2022-05-11T15:38:24.369Z"}
{"level":"error","message":{},"timestamp":"2022-05-11T15:39:00.800Z"}
{"level":"error","message":{},"timestamp":"2022-05-11T15:39:14.714Z"}
{"level":"error","message":{},"timestamp":"2022-05-11T15:39:33.111Z"}
{"level":"error","message":{},"timestamp":"2022-05-11T15:40:23.957Z"}
{"level":"error","message":{},"timestamp":"2022-05-11T15:40:38.280Z"}
{"level":"error","message":{},"timestamp":"2022-05-11T15:41:26.544Z"}
{"level":"error","message":{},"timestamp":"2022-05-11T15:52:57.467Z"}
{"level":"error","message":{},"timestamp":"2022-05-11T15:54:00.121Z"}
{"level":"error","message":{},"timestamp":"2022-05-11T15:54:02.866Z"}
{"level":"error","message":{},"timestamp":"2022-05-11T15:54:18.104Z"}
{"level":"error","message":{},"timestamp":"2022-05-11T15:54:29.912Z"}
{"level":"error","message":{},"timestamp":"2022-05-11T15:55:00.242Z"}
{"level":"error","message":{},"timestamp":"2022-05-11T15:55:17.487Z"}
{"level":"error","message":{},"timestamp":"2022-05-11T15:55:36.338Z"}
{"level":"error","message":{},"timestamp":"2022-05-11T15:55:46.520Z"}
{"level":"error","message":{},"timestamp":"2022-05-11T15:56:37.898Z"}
{"level":"error","message":{},"timestamp":"2022-05-11T15:56:40.428Z"}
{"level":"error","message":{},"timestamp":"2022-05-11T16:02:45.854Z"}
{"level":"error","message":{},"timestamp":"2022-05-11T16:02:55.133Z"}
{"level":"error","message":{},"timestamp":"2022-05-11T16:03:23.518Z"}
{"level":"error","message":{},"timestamp":"2022-05-11T16:03:31.822Z"}
{"level":"error","message":{},"timestamp":"2022-05-11T16:03:44.587Z"}
{"level":"error","message":{},"timestamp":"2022-05-11T16:04:51.807Z"}
{"level":"error","message":{},"timestamp":"2022-05-11T16:04:56.896Z"}
{"level":"error","message":{},"timestamp":"2022-05-11T16:05:36.524Z"}
{"level":"error","message":{},"timestamp":"2022-05-11T16:07:21.770Z"}
{"level":"error","message":{},"timestamp":"2022-05-11T16:08:23.331Z"}
{"level":"error","message":{},"timestamp":"2022-05-11T16:08:25.398Z"}
{"level":"error","message":{},"timestamp":"2022-05-11T16:09:06.447Z"}
{"level":"error","message":{},"timestamp":"2022-05-11T16:10:39.831Z"}
{"level":"error","message":{},"timestamp":"2022-05-11T16:10:48.148Z"}
{"level":"error","message":{},"timestamp":"2022-05-11T16:10:57.681Z"}
{"level":"error","message":{},"timestamp":"2022-05-11T16:11:22.337Z"}
{"level":"error","message":{},"timestamp":"2022-05-11T16:11:45.996Z"}
{"level":"error","message":{},"timestamp":"2022-05-11T16:12:06.771Z"}
{"level":"error","message":{},"timestamp":"2022-05-11T16:12:47.092Z"}
{"level":"error","message":{},"timestamp":"2022-05-11T16:13:09.099Z"}
{"level":"error","message":{},"timestamp":"2022-05-11T16:13:31.224Z"}
{"level":"error","message":{},"timestamp":"2022-05-11T16:13:43.900Z"}
{"level":"error","message":{},"timestamp":"2022-05-11T16:14:42.942Z"}
{"level":"error","message":{},"timestamp":"2022-05-11T16:14:45.937Z"}
{"level":"error","message":{},"timestamp":"2022-05-11T16:14:57.455Z"}
{"level":"error","message":{},"timestamp":"2022-05-11T16:15:30.910Z"}
{"level":"error","message":{},"timestamp":"2022-05-11T16:15:53.702Z"}
{"level":"error","message":{},"timestamp":"2022-05-11T16:19:47.567Z"}
{"level":"error","message":{},"timestamp":"2022-05-11T16:19:53.569Z"}
{"level":"error","message":{},"timestamp":"2022-05-11T16:26:47.156Z"}
{"level":"error","message":{},"timestamp":"2022-05-11T16:30:55.147Z"}
{"level":"error","message":{},"timestamp":"2022-05-11T16:31:33.229Z"}
{"level":"error","message":{},"timestamp":"2022-05-11T16:32:56.699Z"}
{"level":"error","message":{},"timestamp":"2022-05-11T16:42:08.893Z"}
{"level":"error","message":{},"timestamp":"2022-05-11T16:47:30.694Z"}
{"level":"error","timestamp":"2022-05-11T16:47:32.024Z"}
{"level":"error","message":{},"timestamp":"2022-05-11T16:48:24.897Z"}
{"level":"error","message":{},"timestamp":"2022-05-11T16:48:39.107Z"}
{"level":"error","timestamp":"2022-05-11T16:48:49.813Z"}
{"level":"error","message":{},"timestamp":"2022-05-11T16:49:20.815Z"}
{"level":"error","message":{},"timestamp":"2022-05-11T16:49:32.165Z"}
{"level":"error","timestamp":"2022-05-11T16:49:35.422Z"}
{"level":"error","message":{},"timestamp":"2022-05-11T16:50:04.788Z"}
{"level":"error","message":{},"timestamp":"2022-05-11T16:50:27.689Z"}
{"level":"error","message":{},"timestamp":"2022-05-11T16:51:47.739Z"}
{"level":"error","message":{},"timestamp":"2022-05-11T16:51:49.451Z"}
{"level":"error","message":{},"timestamp":"2022-05-11T16:51:59.358Z"}
{"level":"error","message":{},"timestamp":"2022-05-11T16:52:14.571Z"}
{"level":"error","timestamp":"2022-05-11T16:52:17.842Z"}
{"level":"error","message":{},"timestamp":"2022-05-11T16:52:50.043Z"}
{"level":"error","message":{},"timestamp":"2022-05-11T16:52:56.241Z"}
{"level":"error","timestamp":"2022-05-11T16:53:00.967Z"}
{"level":"error","message":{},"timestamp":"2022-05-11T16:53:17.613Z"}
{"level":"error","timestamp":"2022-05-11T16:53:25.159Z"}
{"level":"error","message":{},"timestamp":"2022-05-11T16:54:13.200Z"}
{"level":"error","message":{},"timestamp":"2022-05-11T16:54:29.747Z"}
{"level":"error","timestamp":"2022-05-11T16:54:39.214Z"}
{"level":"error","message":{},"timestamp":"2022-05-11T16:54:58.703Z"}
{"level":"error","message":{},"timestamp":"2022-05-11T16:55:14.767Z"}
{"level":"error","message":{},"timestamp":"2022-05-11T17:05:20.498Z"}
{"level":"error","message":{},"timestamp":"2022-05-11T17:05:36.013Z"}
{"level":"error","message":{},"timestamp":"2022-05-11T17:05:53.357Z"}
{"level":"error","message":{},"timestamp":"2022-05-11T17:06:26.295Z"}
{"level":"error","message":{},"timestamp":"2022-05-11T17:06:37.635Z"}
{"level":"error","message":{},"timestamp":"2022-05-11T17:11:52.870Z"}
{"level":"error","message":{},"timestamp":"2022-05-11T17:12:28.259Z"}
{"level":"error","message":{},"timestamp":"2022-05-11T17:12:40.052Z"}
{"level":"error","message":{},"timestamp":"2022-05-11T17:27:45.033Z"}
{"level":"error","message":{},"timestamp":"2022-05-11T17:28:07.080Z"}
{"level":"error","message":{},"timestamp":"2022-05-11T17:29:24.051Z"}
{"level":"error","message":{},"timestamp":"2022-05-11T17:31:54.110Z"}
{"level":"error","message":{},"timestamp":"2022-05-11T17:36:59.347Z"}
{"level":"error","message":{},"timestamp":"2022-05-11T17:37:17.329Z"}
{"level":"error","message":{},"timestamp":"2022-05-11T17:44:59.760Z"}
{"level":"error","message":{},"timestamp":"2022-05-11T17:45:11.156Z"}
{"level":"error","message":{},"timestamp":"2022-05-11T17:45:24.724Z"}
{"level":"error","message":{},"timestamp":"2022-05-11T17:46:24.029Z"}
{"level":"error","message":{},"timestamp":"2022-05-11T17:46:27.734Z"}
{"$clusterTime":{"clusterTime":"7096536676058529793","signature":{"hash":"E5IOgPseoLug8ULKhOL2UQD+apA=","keyId":"7035363383847157761"}},"code":15983,"codeName":"Location15983","level":"error","name":"MongoError","ok":0,"operationTime":"7096536676058529793","timestamp":"2022-05-11T17:46:43.965Z"}
{"level":"error","message":{},"timestamp":"2022-05-11T17:47:06.781Z"}
{"level":"error","message":{},"timestamp":"2022-05-11T18:17:36.792Z"}
{"level":"error","message":{},"timestamp":"2022-05-11T18:18:20.290Z"}
{"level":"error","message":{},"timestamp":"2022-05-11T18:18:29.672Z"}
{"level":"error","message":{},"timestamp":"2022-05-11T18:18:39.646Z"}
{"level":"error","message":{},"timestamp":"2022-05-11T18:19:16.389Z"}
{"level":"error","message":{},"timestamp":"2022-05-11T18:20:10.443Z"}
{"level":"error","message":{},"timestamp":"2022-05-11T18:21:04.965Z"}
{"level":"error","message":{},"timestamp":"2022-05-11T18:21:26.773Z"}
{"level":"error","message":{},"timestamp":"2022-05-12T05:02:52.579Z"}
{"level":"error","message":{},"timestamp":"2022-05-12T05:09:09.109Z"}
{"level":"error","message":{},"timestamp":"2022-05-12T05:09:20.729Z"}
{"level":"error","message":{},"timestamp":"2022-05-12T05:09:34.379Z"}
{"level":"error","message":{},"timestamp":"2022-05-12T05:10:38.135Z"}
{"level":"error","message":{},"timestamp":"2022-05-12T05:11:07.651Z"}
{"level":"error","message":{},"timestamp":"2022-05-12T05:22:15.609Z"}
{"level":"error","message":{},"timestamp":"2022-05-12T05:27:25.576Z"}
{"level":"error","timestamp":"2022-05-12T05:30:19.664Z"}
{"level":"error","message":{},"timestamp":"2022-05-12T05:31:19.020Z"}
{"level":"error","timestamp":"2022-05-12T05:31:25.690Z"}
{"level":"error","message":{},"timestamp":"2022-05-12T05:32:10.171Z"}
{"level":"error","message":{},"timestamp":"2022-05-12T05:32:18.065Z"}
{"level":"error","timestamp":"2022-05-12T05:32:20.848Z"}
{"level":"error","message":{},"timestamp":"2022-05-12T05:32:58.290Z"}
{"level":"error","message":{},"timestamp":"2022-05-12T05:33:40.267Z"}
{"level":"error","timestamp":"2022-05-12T05:34:18.554Z"}
{"level":"error","message":{},"timestamp":"2022-05-12T05:35:40.925Z"}
{"level":"error","message":{},"timestamp":"2022-05-12T05:36:02.638Z"}
{"level":"error","message":{},"timestamp":"2022-05-12T05:36:10.157Z"}
{"level":"error","timestamp":"2022-05-12T05:36:16.331Z"}
{"level":"error","message":{},"timestamp":"2022-05-12T05:37:44.852Z"}
{"level":"error","timestamp":"2022-05-12T05:37:48.590Z"}
{"level":"error","message":{},"timestamp":"2022-05-12T05:38:32.020Z"}
{"level":"error","timestamp":"2022-05-12T05:38:35.281Z"}
{"level":"error","message":{},"timestamp":"2022-05-12T05:41:08.356Z"}
{"level":"error","message":{},"timestamp":"2022-05-12T05:42:52.198Z"}
{"level":"error","timestamp":"2022-05-12T05:42:58.956Z"}
{"level":"error","message":{},"timestamp":"2022-05-12T05:43:31.825Z"}
{"level":"error","message":{},"timestamp":"2022-05-12T05:46:52.458Z"}
{"level":"error","message":{},"timestamp":"2022-05-12T05:48:22.478Z"}
{"level":"error","message":{},"timestamp":"2022-05-12T05:48:24.696Z"}
{"level":"error","message":{},"timestamp":"2022-05-12T05:48:31.507Z"}
{"level":"error","message":{},"timestamp":"2022-05-12T05:48:50.892Z"}
{"level":"error","message":{},"timestamp":"2022-05-12T05:50:52.630Z"}
{"level":"error","message":{},"timestamp":"2022-05-12T06:13:40.838Z"}
{"level":"error","message":{},"timestamp":"2022-05-12T06:15:04.939Z"}
{"level":"error","message":{},"timestamp":"2022-05-12T06:15:25.076Z"}
{"code":8000,"codeName":"AtlasError","level":"error","name":"MongoError","ok":0,"timestamp":"2022-05-12T06:15:28.165Z"}
{"level":"error","message":{},"timestamp":"2022-05-12T06:16:00.135Z"}
{"level":"error","message":{},"timestamp":"2022-05-12T06:16:42.405Z"}
{"level":"error","message":{},"timestamp":"2022-05-12T06:18:18.617Z"}
{"level":"error","message":{},"timestamp":"2022-05-12T06:21:23.432Z"}
{"level":"error","message":{},"timestamp":"2022-05-12T06:22:04.468Z"}
{"level":"error","message":{},"timestamp":"2022-05-12T06:22:38.019Z"}
{"level":"error","timestamp":"2022-05-12T06:22:42.254Z"}
{"level":"error","message":{},"timestamp":"2022-05-12T06:23:01.629Z"}
{"level":"error","message":{},"timestamp":"2022-05-12T06:24:13.211Z"}
{"level":"error","message":{},"timestamp":"2022-05-12T06:24:55.226Z"}
{"level":"error","message":{},"timestamp":"2022-05-12T06:25:22.849Z"}
{"level":"error","message":{},"timestamp":"2022-05-12T06:27:54.032Z"}
{"level":"error","message":{},"timestamp":"2022-05-12T06:28:34.895Z"}
{"level":"error","message":{},"timestamp":"2022-05-12T06:31:56.373Z"}
{"level":"error","message":{},"timestamp":"2022-05-12T06:32:06.868Z"}
{"level":"error","message":{},"timestamp":"2022-05-12T06:32:24.680Z"}
{"level":"error","message":{},"timestamp":"2022-05-12T06:32:55.975Z"}
{"level":"error","message":{},"timestamp":"2022-05-12T06:33:33.116Z"}
{"level":"error","message":{},"timestamp":"2022-05-12T06:35:30.367Z"}
{"level":"error","message":{},"timestamp":"2022-05-12T06:35:37.246Z"}
{"level":"error","message":{},"timestamp":"2022-05-12T06:35:56.656Z"}
{"level":"error","message":{},"timestamp":"2022-05-12T06:39:45.584Z"}
{"level":"error","message":{},"timestamp":"2022-05-12T06:40:55.652Z"}
{"level":"error","message":{},"timestamp":"2022-05-12T06:42:08.643Z"}
{"level":"error","message":{},"timestamp":"2022-05-12T06:47:08.090Z"}
{"level":"error","message":{},"timestamp":"2022-05-12T06:47:35.075Z"}
{"level":"error","message":{},"timestamp":"2022-05-12T06:49:34.132Z"}
{"level":"error","message":{},"timestamp":"2022-05-12T06:50:02.169Z"}
{"level":"error","message":{},"timestamp":"2022-05-12T06:50:25.627Z"}
{"level":"error","message":{},"timestamp":"2022-05-12T07:28:49.395Z"}
{"level":"error","message":{},"timestamp":"2022-05-12T07:28:55.357Z"}
{"level":"error","message":{},"timestamp":"2022-05-12T07:29:30.049Z"}
{"level":"error","message":{},"timestamp":"2022-05-12T07:30:08.762Z"}
{"level":"error","message":{},"timestamp":"2022-05-12T07:32:18.025Z"}
{"level":"error","message":{},"timestamp":"2022-05-12T07:32:48.470Z"}
{"level":"error","message":{},"timestamp":"2022-05-12T07:33:31.759Z"}
{"level":"error","message":{},"timestamp":"2022-05-12T07:34:02.772Z"}
{"level":"error","message":{},"timestamp":"2022-05-12T07:35:26.303Z"}
{"level":"error","message":{},"timestamp":"2022-05-12T07:35:31.673Z"}
{"level":"error","message":{},"timestamp":"2022-05-12T07:36:20.154Z"}
{"level":"error","message":{},"timestamp":"2022-05-12T07:36:49.061Z"}
{"level":"error","message":{},"timestamp":"2022-05-12T07:37:16.770Z"}
{"level":"error","message":{},"timestamp":"2022-05-12T07:37:28.040Z"}
{"level":"error","message":{},"timestamp":"2022-05-12T07:37:33.092Z"}
{"level":"error","message":{},"timestamp":"2022-05-12T07:45:57.375Z"}
{"level":"error","message":{},"timestamp":"2022-05-12T07:46:40.567Z"}
{"level":"error","message":{},"timestamp":"2022-05-12T07:46:45.562Z"}
{"level":"error","timestamp":"2022-05-12T07:51:46.086Z"}
{"level":"error","message":{},"timestamp":"2022-05-12T07:53:21.493Z"}
{"level":"error","message":{},"timestamp":"2022-05-12T07:53:32.077Z"}
{"level":"error","timestamp":"2022-05-12T07:53:36.316Z"}
{"level":"error","message":{},"timestamp":"2022-05-12T07:54:59.336Z"}
{"level":"error","message":{},"timestamp":"2022-05-12T07:55:14.818Z"}
{"level":"error","message":{},"timestamp":"2022-05-12T07:55:29.943Z"}
{"level":"error","timestamp":"2022-05-12T07:55:30.253Z"}
{"level":"error","message":{},"timestamp":"2022-05-12T08:01:03.812Z"}
{"level":"error","message":{},"timestamp":"2022-05-12T08:01:55.962Z"}
{"level":"error","message":{},"timestamp":"2022-05-12T08:02:48.478Z"}
{"level":"error","message":{},"timestamp":"2022-05-12T08:04:58.488Z"}
{"level":"error","message":{},"timestamp":"2022-05-12T08:05:00.527Z"}
{"level":"error","message":{},"timestamp":"2022-05-12T08:56:56.137Z"}
{"level":"error","message":{},"timestamp":"2022-05-12T08:56:58.549Z"}
{"level":"error","message":{},"timestamp":"2022-05-12T09:00:03.251Z"}
{"level":"error","message":{},"timestamp":"2022-05-12T09:00:39.164Z"}
{"level":"error","message":{},"timestamp":"2022-05-12T09:01:37.539Z"}
{"level":"error","message":{},"timestamp":"2022-05-12T09:02:36.080Z"}
{"level":"error","message":{},"timestamp":"2022-05-12T09:03:10.793Z"}
{"level":"error","message":{},"timestamp":"2022-05-12T09:03:48.636Z"}
{"level":"error","message":{},"timestamp":"2022-05-12T09:03:57.910Z"}
{"level":"error","message":{},"timestamp":"2022-05-12T09:04:21.678Z"}
{"level":"error","message":{},"timestamp":"2022-05-12T09:05:20.736Z"}
{"level":"error","message":{},"timestamp":"2022-05-12T09:27:59.315Z"}
{"level":"error","message":{},"timestamp":"2022-05-12T09:28:33.662Z"}
{"level":"error","message":{},"timestamp":"2022-05-12T09:28:37.955Z"}
{"level":"error","message":{},"timestamp":"2022-05-12T09:30:26.910Z"}
{"level":"error","message":{},"timestamp":"2022-05-12T09:35:08.118Z"}
{"level":"error","message":{},"timestamp":"2022-05-12T09:35:55.360Z"}
{"level":"error","message":{},"timestamp":"2022-05-12T09:36:15.812Z"}
{"level":"error","message":{},"timestamp":"2022-05-12T09:37:38.195Z"}
{"level":"error","message":{},"timestamp":"2022-05-12T09:37:52.661Z"}
{"level":"error","message":{},"timestamp":"2022-05-12T09:38:03.605Z"}
{"level":"error","message":{},"timestamp":"2022-05-12T09:38:10.405Z"}
{"level":"error","message":{},"timestamp":"2022-05-12T09:38:51.391Z"}
{"level":"error","message":{},"timestamp":"2022-05-12T09:42:42.028Z"}
{"level":"error","message":{},"timestamp":"2022-05-12T09:46:11.716Z"}
{"level":"error","message":{},"timestamp":"2022-05-12T09:46:15.574Z"}
{"level":"error","message":{},"timestamp":"2022-05-12T09:49:15.394Z"}
{"level":"error","message":{},"timestamp":"2022-05-12T09:49:30.589Z"}
{"level":"error","message":{},"timestamp":"2022-05-12T09:51:02.418Z"}
{"level":"error","message":{},"timestamp":"2022-05-12T09:51:56.139Z"}
{"level":"error","message":{},"timestamp":"2022-05-12T09:52:09.741Z"}
{"level":"error","message":{},"timestamp":"2022-05-12T09:52:31.958Z"}
{"level":"error","message":{},"timestamp":"2022-05-12T09:52:48.104Z"}
{"code":8000,"codeName":"AtlasError","level":"error","name":"MongoError","ok":0,"timestamp":"2022-05-12T09:52:56.556Z"}
{"level":"error","message":{},"timestamp":"2022-05-12T09:53:16.819Z"}
{"level":"error","message":{},"timestamp":"2022-05-12T09:56:09.613Z"}
{"level":"error","message":{},"timestamp":"2022-05-12T10:05:52.724Z"}
{"level":"error","message":{},"timestamp":"2022-05-12T10:07:33.526Z"}
{"level":"error","message":{},"timestamp":"2022-05-12T10:07:55.491Z"}
{"level":"error","message":{},"timestamp":"2022-05-12T10:08:06.172Z"}
{"level":"error","message":{},"timestamp":"2022-05-12T10:08:22.547Z"}
{"level":"error","message":{},"timestamp":"2022-05-12T10:09:06.203Z"}
{"level":"error","message":{},"timestamp":"2022-05-12T10:10:00.926Z"}
{"level":"error","message":{},"timestamp":"2022-05-12T10:10:45.298Z"}
{"level":"error","message":{},"timestamp":"2022-05-12T10:10:53.944Z"}
{"level":"error","message":{},"timestamp":"2022-05-12T10:11:40.650Z"}
{"level":"error","message":{},"timestamp":"2022-05-12T10:12:05.296Z"}
{"level":"error","message":{},"timestamp":"2022-05-12T10:12:22.562Z"}
{"level":"error","message":{},"timestamp":"2022-05-12T10:12:50.080Z"}
{"level":"error","message":{},"timestamp":"2022-05-12T10:13:37.088Z"}
{"level":"error","message":{},"timestamp":"2022-05-12T10:19:25.500Z"}
{"level":"error","message":{},"timestamp":"2022-05-12T10:21:07.764Z"}
{"level":"error","message":{},"timestamp":"2022-05-12T10:28:52.517Z"}
{"level":"error","message":{},"timestamp":"2022-05-12T10:30:07.320Z"}
{"level":"error","message":{},"timestamp":"2022-05-12T10:30:49.380Z"}
{"level":"error","message":{},"timestamp":"2022-05-12T10:52:23.174Z"}
{"level":"error","message":{},"timestamp":"2022-05-12T10:52:56.065Z"}
{"level":"error","message":{},"timestamp":"2022-05-12T10:54:56.625Z"}
{"level":"error","message":{},"timestamp":"2022-05-12T10:55:15.367Z"}
{"level":"error","message":{},"timestamp":"2022-05-12T10:55:24.327Z"}
{"level":"error","message":{},"timestamp":"2022-05-12T10:56:03.398Z"}
{"level":"error","message":{},"timestamp":"2022-05-12T10:59:33.361Z"}
{"level":"error","message":{},"timestamp":"2022-05-12T11:01:38.838Z"}
{"level":"error","message":{},"timestamp":"2022-05-12T11:01:48.830Z"}
{"level":"error","message":{},"timestamp":"2022-05-12T11:02:23.732Z"}
{"level":"error","message":{},"timestamp":"2022-05-12T11:04:27.358Z"}
{"level":"error","message":{},"timestamp":"2022-05-12T11:05:10.354Z"}
{"level":"error","message":{},"timestamp":"2022-05-12T11:07:13.230Z"}
{"level":"error","message":{},"timestamp":"2022-05-12T11:09:36.503Z"}
{"level":"error","message":{},"timestamp":"2022-05-12T11:09:45.813Z"}
{"level":"error","timestamp":"2022-05-12T11:09:49.489Z"}
{"level":"error","message":{},"timestamp":"2022-05-12T11:10:21.371Z"}
{"level":"error","timestamp":"2022-05-12T11:10:26.438Z"}
{"level":"error","message":{},"timestamp":"2022-05-12T11:10:48.864Z"}
{"level":"error","message":{},"timestamp":"2022-05-12T11:11:12.514Z"}
{"level":"error","message":{},"timestamp":"2022-05-12T11:13:54.535Z"}
{"level":"error","message":{},"timestamp":"2022-05-12T11:15:27.148Z"}
{"level":"error","message":{},"timestamp":"2022-05-12T11:16:24.100Z"}
{"level":"error","message":{},"timestamp":"2022-05-12T11:16:27.062Z"}
{"level":"error","message":{},"timestamp":"2022-05-12T11:16:58.762Z"}
{"level":"error","message":{},"timestamp":"2022-05-12T11:18:36.537Z"}
{"level":"error","message":{},"timestamp":"2022-05-12T11:19:23.225Z"}
{"level":"error","message":{},"timestamp":"2022-05-12T11:19:48.793Z"}
{"level":"error","message":{},"timestamp":"2022-05-12T11:20:00.992Z"}
{"level":"error","message":{},"timestamp":"2022-05-12T11:21:24.821Z"}
{"level":"error","message":{},"timestamp":"2022-05-12T11:21:54.842Z"}
{"level":"error","message":{},"timestamp":"2022-05-12T11:22:07.966Z"}
{"level":"error","message":{},"timestamp":"2022-05-12T11:22:19.663Z"}
{"level":"error","message":{},"timestamp":"2022-05-12T11:22:58.025Z"}
{"level":"error","message":{},"timestamp":"2022-05-12T11:23:10.468Z"}
{"level":"error","message":{},"timestamp":"2022-05-12T11:24:13.374Z"}
{"level":"error","message":{},"timestamp":"2022-05-12T11:24:44.151Z"}
{"level":"error","message":{},"timestamp":"2022-05-12T11:24:57.338Z"}
{"level":"error","message":{},"timestamp":"2022-05-12T11:27:01.132Z"}
{"level":"error","message":{},"timestamp":"2022-05-12T11:27:53.506Z"}
{"level":"error","message":{},"timestamp":"2022-05-12T11:28:00.850Z"}
{"level":"error","message":{},"timestamp":"2022-05-12T11:28:48.787Z"}
{"level":"error","message":{},"timestamp":"2022-05-12T11:29:00.049Z"}
{"level":"error","message":{},"timestamp":"2022-05-12T11:29:12.443Z"}
{"level":"error","message":{},"timestamp":"2022-05-12T11:29:22.427Z"}
{"level":"error","message":{},"timestamp":"2022-05-12T11:30:02.082Z"}
{"level":"error","message":{},"timestamp":"2022-05-12T11:30:37.559Z"}
{"level":"error","message":{},"timestamp":"2022-05-12T11:31:07.715Z"}
{"level":"error","message":{},"timestamp":"2022-05-12T11:31:23.087Z"}
{"level":"error","message":{},"timestamp":"2022-05-12T11:31:38.292Z"}
{"level":"error","message":{},"timestamp":"2022-05-12T11:32:01.214Z"}
{"level":"error","message":{},"timestamp":"2022-05-12T11:37:23.791Z"}
{"level":"error","message":{},"timestamp":"2022-05-12T11:38:41.472Z"}
{"level":"error","message":{},"timestamp":"2022-05-12T11:39:09.346Z"}
{"level":"error","message":{},"timestamp":"2022-05-12T11:39:29.469Z"}
{"level":"error","message":{},"timestamp":"2022-05-12T11:39:57.022Z"}
{"level":"error","message":{},"timestamp":"2022-05-12T11:40:16.976Z"}
{"level":"error","message":{},"timestamp":"2022-05-12T11:40:34.010Z"}
{"level":"error","message":{},"timestamp":"2022-05-12T11:41:02.711Z"}
{"level":"error","message":{},"timestamp":"2022-05-12T11:41:23.142Z"}
{"level":"error","message":{},"timestamp":"2022-05-12T11:41:50.480Z"}
{"level":"error","message":{},"timestamp":"2022-05-12T11:42:39.278Z"}
{"level":"error","message":{},"timestamp":"2022-05-12T11:42:54.820Z"}
{"level":"error","message":{},"timestamp":"2022-05-12T11:43:26.552Z"}
{"level":"error","message":{},"timestamp":"2022-05-12T11:43:38.437Z"}
{"level":"error","message":{},"timestamp":"2022-05-12T11:44:03.246Z"}
{"level":"error","message":{},"timestamp":"2022-05-12T11:44:26.866Z"}
{"level":"error","message":{},"timestamp":"2022-05-12T11:45:06.583Z"}
{"level":"error","message":{},"timestamp":"2022-05-12T11:46:02.466Z"}
{"level":"error","message":{},"timestamp":"2022-05-12T11:46:56.405Z"}
{"level":"error","message":{},"timestamp":"2022-05-12T11:47:03.302Z"}
{"level":"error","message":{},"timestamp":"2022-05-12T11:47:18.319Z"}
{"level":"error","message":{},"timestamp":"2022-05-12T11:47:31.218Z"}
{"level":"error","message":{},"timestamp":"2022-05-12T11:47:39.999Z"}
{"level":"error","message":{},"timestamp":"2022-05-12T11:47:55.037Z"}
{"level":"error","message":{},"timestamp":"2022-05-12T11:48:12.077Z"}
{"level":"error","message":{},"timestamp":"2022-05-12T11:48:29.415Z"}
{"level":"error","message":{},"timestamp":"2022-05-12T11:48:44.099Z"}
{"level":"error","message":{},"timestamp":"2022-05-12T11:49:40.197Z"}
{"level":"error","message":{},"timestamp":"2022-05-12T11:49:49.201Z"}
{"level":"error","message":{},"timestamp":"2022-05-12T11:51:15.922Z"}
{"level":"error","message":{},"timestamp":"2022-05-12T11:51:51.043Z"}
